[2024-06-25T09:05:07.868+0000] {local_task_job_runner.py:120} INFO - ::group::Pre task execution logs
[2024-06-25T09:05:07.936+0000] {taskinstance.py:2076} INFO - Dependencies all met for dep_context=non-requeueable deps ti=<TaskInstance: dbt_snowflake_v6.dbt_run scheduled__2024-06-24T00:00:00+00:00 [queued]>
[2024-06-25T09:05:07.953+0000] {taskinstance.py:2076} INFO - Dependencies all met for dep_context=requeueable deps ti=<TaskInstance: dbt_snowflake_v6.dbt_run scheduled__2024-06-24T00:00:00+00:00 [queued]>
[2024-06-25T09:05:07.954+0000] {taskinstance.py:2306} INFO - Starting attempt 1 of 2
[2024-06-25T09:05:07.984+0000] {taskinstance.py:2330} INFO - Executing <Task(DockerOperator): dbt_run> on 2024-06-24 00:00:00+00:00
[2024-06-25T09:05:08.000+0000] {standard_task_runner.py:90} INFO - Running: ['***', 'tasks', 'run', 'dbt_snowflake_v6', 'dbt_run', 'scheduled__2024-06-24T00:00:00+00:00', '--job-id', '30', '--raw', '--subdir', 'DAGS_FOLDER/first_dag.py', '--cfg-path', '/tmp/tmp4em95m8w']
[2024-06-25T09:05:08.005+0000] {standard_task_runner.py:91} INFO - Job 30: Subtask dbt_run
[2024-06-25T09:05:08.008+0000] {logging_mixin.py:188} WARNING - /home/***/.local/lib/python3.12/site-packages/***/task/task_runner/standard_task_runner.py:61 DeprecationWarning: This process (pid=1654) is multi-threaded, use of fork() may lead to deadlocks in the child.
[2024-06-25T09:05:08.009+0000] {standard_task_runner.py:63} INFO - Started process 1657 to run task
[2024-06-25T09:05:08.097+0000] {task_command.py:426} INFO - Running <TaskInstance: dbt_snowflake_v6.dbt_run scheduled__2024-06-24T00:00:00+00:00 [running]> on host 40877dbc4b09
[2024-06-25T09:05:08.258+0000] {taskinstance.py:2648} INFO - Exporting env vars: AIRFLOW_CTX_DAG_OWNER='***' AIRFLOW_CTX_DAG_ID='dbt_snowflake_v6' AIRFLOW_CTX_TASK_ID='dbt_run' AIRFLOW_CTX_EXECUTION_DATE='2024-06-24T00:00:00+00:00' AIRFLOW_CTX_TRY_NUMBER='1' AIRFLOW_CTX_DAG_RUN_ID='scheduled__2024-06-24T00:00:00+00:00'
[2024-06-25T09:05:08.259+0000] {taskinstance.py:430} INFO - ::endgroup::
[2024-06-25T09:05:08.325+0000] {docker.py:366} INFO - Starting docker container from image ghcr.io/dbt-labs/dbt-snowflake:latest
[2024-06-25T09:05:08.370+0000] {docker.py:374} WARNING - Using remote engine or docker-in-docker and mounting temporary volume from host is not supported. Falling back to `mount_tmp_dir=False` mode. You can set `mount_tmp_dir` parameter to False to disable mounting and remove the warning
[2024-06-25T09:05:12.337+0000] {docker.py:436} INFO - [0m09:05:12  Running with dbt=1.8.2
[2024-06-25T09:05:13.201+0000] {docker.py:436} INFO - [0m09:05:13  Registered adapter: snowflake=1.8.3
[2024-06-25T09:05:13.575+0000] {docker.py:436} INFO - [0m09:05:13  Unable to do partial parsing because of a version mismatch
[2024-06-25T09:05:17.805+0000] {docker.py:436} INFO - [0m09:05:17  [[33mWARNING[0m]: Deprecated functionality
The `tests` config has been renamed to `data_tests`. Please see
https://docs.getdbt.com/docs/build/data-tests#new-data_tests-syntax for more
information.
[2024-06-25T09:05:18.731+0000] {docker.py:436} INFO - [0m09:05:18  Found 5 models, 9 data tests, 2 sources, 561 macros
[2024-06-25T09:05:18.743+0000] {docker.py:436} INFO - [0m09:05:18
[2024-06-25T09:05:20.722+0000] {docker.py:436} INFO - [0m09:05:20  Concurrency: 1 threads (target='dev')
[2024-06-25T09:05:20.725+0000] {docker.py:436} INFO - [0m09:05:20
[2024-06-25T09:05:20.745+0000] {docker.py:436} INFO - [0m09:05:20  1 of 5 START sql view model dbt_schema.stg_tpch_line_items ..................... [RUN]
[2024-06-25T09:05:21.683+0000] {docker.py:436} INFO - [0m09:05:21  1 of 5 OK created sql view model dbt_schema.stg_tpch_line_items ................ [[32mSUCCESS 1[0m in 0.93s]
[2024-06-25T09:05:21.686+0000] {docker.py:436} INFO - [0m09:05:21  2 of 5 START sql view model dbt_schema.stg_tpch_orders ......................... [RUN]
[2024-06-25T09:05:22.580+0000] {docker.py:436} INFO - [0m09:05:22  2 of 5 OK created sql view model dbt_schema.stg_tpch_orders .................... [[32mSUCCESS 1[0m in 0.89s]
[2024-06-25T09:05:22.584+0000] {docker.py:436} INFO - [0m09:05:22  3 of 5 START sql table model dbt_schema.int_order_items ........................ [RUN]
[2024-06-25T09:05:31.504+0000] {docker.py:436} INFO - [0m09:05:31  3 of 5 OK created sql table model dbt_schema.int_order_items ................... [[32mSUCCESS 1[0m in 8.92s]
[2024-06-25T09:05:31.507+0000] {docker.py:436} INFO - [0m09:05:31  4 of 5 START sql table model dbt_schema.int_order_items_summary ................ [RUN]
[2024-06-25T09:05:33.427+0000] {docker.py:436} INFO - [0m09:05:33  4 of 5 OK created sql table model dbt_schema.int_order_items_summary ........... [[32mSUCCESS 1[0m in 1.92s]
[2024-06-25T09:05:33.433+0000] {docker.py:436} INFO - [0m09:05:33  5 of 5 START sql table model dbt_schema.fct_orders ............................. [RUN]
[2024-06-25T09:05:35.464+0000] {docker.py:436} INFO - [0m09:05:35  5 of 5 OK created sql table model dbt_schema.fct_orders ........................ [[32mSUCCESS 1[0m in 2.03s]
[2024-06-25T09:05:35.469+0000] {docker.py:436} INFO - [0m09:05:35
[2024-06-25T09:05:35.469+0000] {docker.py:436} INFO - [0m09:05:35  Finished running 2 view models, 3 table models in 0 hours 0 minutes and 16.73 seconds (16.73s).
[2024-06-25T09:05:35.568+0000] {docker.py:436} INFO - [0m09:05:35
[2024-06-25T09:05:35.569+0000] {docker.py:436} INFO - [0m09:05:35  [32mCompleted successfully[0m
[2024-06-25T09:05:35.569+0000] {docker.py:436} INFO - [0m09:05:35
[2024-06-25T09:05:35.570+0000] {docker.py:436} INFO - [0m09:05:35  Done. PASS=5 WARN=0 ERROR=0 SKIP=0 TOTAL=5
[2024-06-25T09:05:38.462+0000] {taskinstance.py:441} INFO - ::group::Post task execution logs
[2024-06-25T09:05:38.506+0000] {taskinstance.py:1206} INFO - Marking task as SUCCESS. dag_id=dbt_snowflake_v6, task_id=dbt_run, run_id=scheduled__2024-06-24T00:00:00+00:00, execution_date=20240624T000000, start_date=20240625T090507, end_date=20240625T090538
[2024-06-25T09:05:38.563+0000] {local_task_job_runner.py:240} INFO - Task exited with return code 0
[2024-06-25T09:05:38.597+0000] {taskinstance.py:3503} INFO - 0 downstream tasks scheduled from follow-on schedule check
[2024-06-25T09:05:38.602+0000] {local_task_job_runner.py:222} INFO - ::endgroup::
