[2024-06-26T09:34:08.335+0000] {local_task_job_runner.py:120} INFO - ::group::Pre task execution logs
[2024-06-26T09:34:08.446+0000] {taskinstance.py:2076} INFO - Dependencies all met for dep_context=non-requeueable deps ti=<TaskInstance: elt_and_dbt.dbt_run manual__2024-06-26T09:34:05.357075+00:00 [queued]>
[2024-06-26T09:34:08.466+0000] {taskinstance.py:2076} INFO - Dependencies all met for dep_context=requeueable deps ti=<TaskInstance: elt_and_dbt.dbt_run manual__2024-06-26T09:34:05.357075+00:00 [queued]>
[2024-06-26T09:34:08.467+0000] {taskinstance.py:2306} INFO - Starting attempt 1 of 1
[2024-06-26T09:34:08.500+0000] {taskinstance.py:2330} INFO - Executing <Task(DockerOperator): dbt_run> on 2024-06-26 09:34:05.357075+00:00
[2024-06-26T09:34:08.524+0000] {logging_mixin.py:188} WARNING - /home/***/.local/lib/python3.12/site-packages/***/task/task_runner/standard_task_runner.py:61 DeprecationWarning: This process (pid=388) is multi-threaded, use of fork() may lead to deadlocks in the child.
[2024-06-26T09:34:08.519+0000] {standard_task_runner.py:90} INFO - Running: ['***', 'tasks', 'run', 'elt_and_dbt', 'dbt_run', 'manual__2024-06-26T09:34:05.357075+00:00', '--job-id', '10', '--raw', '--subdir', 'DAGS_FOLDER/first_dag.py', '--cfg-path', '/tmp/tmp9yh61w15']
[2024-06-26T09:34:08.525+0000] {standard_task_runner.py:63} INFO - Started process 389 to run task
[2024-06-26T09:34:08.525+0000] {standard_task_runner.py:91} INFO - Job 10: Subtask dbt_run
[2024-06-26T09:34:08.618+0000] {task_command.py:426} INFO - Running <TaskInstance: elt_and_dbt.dbt_run manual__2024-06-26T09:34:05.357075+00:00 [running]> on host 7347636032b9
[2024-06-26T09:34:08.831+0000] {taskinstance.py:2648} INFO - Exporting env vars: AIRFLOW_CTX_DAG_OWNER='***' AIRFLOW_CTX_DAG_ID='elt_and_dbt' AIRFLOW_CTX_TASK_ID='dbt_run' AIRFLOW_CTX_EXECUTION_DATE='2024-06-26T09:34:05.357075+00:00' AIRFLOW_CTX_TRY_NUMBER='1' AIRFLOW_CTX_DAG_RUN_ID='manual__2024-06-26T09:34:05.357075+00:00'
[2024-06-26T09:34:08.833+0000] {taskinstance.py:430} INFO - ::endgroup::
[2024-06-26T09:34:08.957+0000] {docker.py:366} INFO - Starting docker container from image ghcr.io/dbt-labs/dbt-postgres:latest
[2024-06-26T09:34:08.963+0000] {docker.py:374} WARNING - Using remote engine or docker-in-docker and mounting temporary volume from host is not supported. Falling back to `mount_tmp_dir=False` mode. You can set `mount_tmp_dir` parameter to False to disable mounting and remove the warning
[2024-06-26T09:34:14.386+0000] {docker.py:436} INFO - [0m09:34:14  Running with dbt=1.8.3
[2024-06-26T09:34:14.924+0000] {docker.py:436} INFO - [0m09:34:14  Registered adapter: postgres=1.8.2
[2024-06-26T09:34:15.821+0000] {docker.py:436} INFO - [0m09:34:15  Unable to do partial parsing because profile has changed
[2024-06-26T09:34:17.599+0000] {docker.py:436} INFO - [0m09:34:17  [[33mWARNING[0m]: Deprecated functionality
The `tests` config has been renamed to `data_tests`. Please see
https://docs.getdbt.com/docs/build/data-tests#new-data_tests-syntax for more
information.
[2024-06-26T09:34:18.335+0000] {docker.py:436} INFO - [0m09:34:18  Found 6 models, 19 data tests, 3 sources, 417 macros
[2024-06-26T09:34:18.339+0000] {docker.py:436} INFO - [0m09:34:18
[2024-06-26T09:34:18.610+0000] {docker.py:436} INFO - [0m09:34:18  Concurrency: 1 threads (target='dev')
[0m09:34:18
[2024-06-26T09:34:18.636+0000] {docker.py:436} INFO - [0m09:34:18  1 of 6 START sql table model public.actors ..................................... [RUN]
[2024-06-26T09:34:18.859+0000] {docker.py:436} INFO - [0m09:34:18  1 of 6 OK created sql table model public.actors ................................ [[32mSELECT 20[0m in 0.22s]
[2024-06-26T09:34:18.864+0000] {docker.py:436} INFO - [0m09:34:18  2 of 6 START sql table model public.film_actors ................................ [RUN]
[2024-06-26T09:34:18.948+0000] {docker.py:436} INFO - [0m09:34:18  2 of 6 OK created sql table model public.film_actors ........................... [[32mSELECT 20[0m in 0.08s]
[2024-06-26T09:34:18.951+0000] {docker.py:436} INFO - [0m09:34:18  3 of 6 START sql table model public.films ...................................... [RUN]
[2024-06-26T09:34:19.018+0000] {docker.py:436} INFO - [0m09:34:19  3 of 6 OK created sql table model public.films ................................. [[32mSELECT 20[0m in 0.07s]
[2024-06-26T09:34:19.022+0000] {docker.py:436} INFO - [0m09:34:19  4 of 6 START sql table model public.film_classification ........................ [RUN]
[2024-06-26T09:34:19.099+0000] {docker.py:436} INFO - [0m09:34:19  4 of 6 OK created sql table model public.film_classification ................... [[32mSELECT 20[0m in 0.07s]
[2024-06-26T09:34:19.102+0000] {docker.py:436} INFO - [0m09:34:19  5 of 6 START sql table model public.film_ratings ............................... [RUN]
[2024-06-26T09:34:19.189+0000] {docker.py:436} INFO - [0m09:34:19  5 of 6 OK created sql table model public.film_ratings .......................... [[32mSELECT 20[0m in 0.08s]
[2024-06-26T09:34:19.194+0000] {docker.py:436} INFO - [0m09:34:19  6 of 6 START sql table model public.specific_movie ............................. [RUN]
[2024-06-26T09:34:19.289+0000] {docker.py:436} INFO - [0m09:34:19  6 of 6 OK created sql table model public.specific_movie ........................ [[32mSELECT 1[0m in 0.09s]
[2024-06-26T09:34:19.304+0000] {docker.py:436} INFO - [0m09:34:19
[2024-06-26T09:34:19.305+0000] {docker.py:436} INFO - [0m09:34:19  Finished running 6 table models in 0 hours 0 minutes and 0.96 seconds (0.96s).
[2024-06-26T09:34:19.378+0000] {docker.py:436} INFO - [0m09:34:19
[2024-06-26T09:34:19.379+0000] {docker.py:436} INFO - [0m09:34:19  [32mCompleted successfully[0m
[2024-06-26T09:34:19.383+0000] {docker.py:436} INFO - [0m09:34:19  
[0m09:34:19  Done. PASS=6 WARN=0 ERROR=0 SKIP=0 TOTAL=6
[2024-06-26T09:34:21.353+0000] {taskinstance.py:441} INFO - ::group::Post task execution logs
[2024-06-26T09:34:21.390+0000] {taskinstance.py:1206} INFO - Marking task as SUCCESS. dag_id=elt_and_dbt, task_id=dbt_run, run_id=manual__2024-06-26T09:34:05.357075+00:00, execution_date=20240626T093405, start_date=20240626T093408, end_date=20240626T093421
[2024-06-26T09:34:21.425+0000] {local_task_job_runner.py:240} INFO - Task exited with return code 0
[2024-06-26T09:34:21.452+0000] {taskinstance.py:3503} INFO - 0 downstream tasks scheduled from follow-on schedule check
[2024-06-26T09:34:21.456+0000] {local_task_job_runner.py:222} INFO - ::endgroup::
