[2024-06-25T08:10:00.903+0000] {local_task_job_runner.py:120} INFO - ::group::Pre task execution logs
[2024-06-25T08:10:00.983+0000] {taskinstance.py:2076} INFO - Dependencies all met for dep_context=non-requeueable deps ti=<TaskInstance: dbt_snowflake_v3.dbt_run manual__2024-06-25T08:09:59.206769+00:00 [queued]>
[2024-06-25T08:10:01.001+0000] {taskinstance.py:2076} INFO - Dependencies all met for dep_context=requeueable deps ti=<TaskInstance: dbt_snowflake_v3.dbt_run manual__2024-06-25T08:09:59.206769+00:00 [queued]>
[2024-06-25T08:10:01.002+0000] {taskinstance.py:2306} INFO - Starting attempt 1 of 2
[2024-06-25T08:10:01.024+0000] {taskinstance.py:2330} INFO - Executing <Task(DockerOperator): dbt_run> on 2024-06-25 08:09:59.206769+00:00
[2024-06-25T08:10:01.038+0000] {standard_task_runner.py:90} INFO - Running: ['***', 'tasks', 'run', 'dbt_snowflake_v3', 'dbt_run', 'manual__2024-06-25T08:09:59.206769+00:00', '--job-id', '3', '--raw', '--subdir', 'DAGS_FOLDER/first_dag.py', '--cfg-path', '/tmp/tmpc17hcy1u']
[2024-06-25T08:10:01.041+0000] {standard_task_runner.py:91} INFO - Job 3: Subtask dbt_run
[2024-06-25T08:10:01.048+0000] {logging_mixin.py:188} WARNING - /home/***/.local/lib/python3.12/site-packages/***/task/task_runner/standard_task_runner.py:61 DeprecationWarning: This process (pid=229) is multi-threaded, use of fork() may lead to deadlocks in the child.
[2024-06-25T08:10:01.049+0000] {standard_task_runner.py:63} INFO - Started process 231 to run task
[2024-06-25T08:10:01.118+0000] {task_command.py:426} INFO - Running <TaskInstance: dbt_snowflake_v3.dbt_run manual__2024-06-25T08:09:59.206769+00:00 [running]> on host 40877dbc4b09
[2024-06-25T08:10:01.277+0000] {taskinstance.py:2648} INFO - Exporting env vars: AIRFLOW_CTX_DAG_OWNER='***' AIRFLOW_CTX_DAG_ID='dbt_snowflake_v3' AIRFLOW_CTX_TASK_ID='dbt_run' AIRFLOW_CTX_EXECUTION_DATE='2024-06-25T08:09:59.206769+00:00' AIRFLOW_CTX_TRY_NUMBER='1' AIRFLOW_CTX_DAG_RUN_ID='manual__2024-06-25T08:09:59.206769+00:00'
[2024-06-25T08:10:01.279+0000] {taskinstance.py:430} INFO - ::endgroup::
[2024-06-25T08:10:01.406+0000] {docker.py:366} INFO - Starting docker container from image ghcr.io/dbt-labs/dbt-snowflake:latest
[2024-06-25T08:10:01.411+0000] {docker.py:374} WARNING - Using remote engine or docker-in-docker and mounting temporary volume from host is not supported. Falling back to `mount_tmp_dir=False` mode. You can set `mount_tmp_dir` parameter to False to disable mounting and remove the warning
[2024-06-25T08:10:07.224+0000] {docker.py:436} INFO - [0m08:10:07  Running with dbt=1.8.2
[2024-06-25T08:10:08.777+0000] {docker.py:436} INFO - [0m08:10:08  Registered adapter: snowflake=1.8.3
[2024-06-25T08:10:10.058+0000] {docker.py:436} INFO - [0m08:10:10  Found 5 models, 9 data tests, 2 sources, 561 macros
[2024-06-25T08:10:10.062+0000] {docker.py:436} INFO - [0m08:10:10
[2024-06-25T08:10:13.903+0000] {docker.py:436} INFO - [0m08:10:13  Concurrency: 1 threads (target='dev')
[2024-06-25T08:10:13.903+0000] {docker.py:436} INFO - [0m08:10:13
[2024-06-25T08:10:13.924+0000] {docker.py:436} INFO - [0m08:10:13  1 of 5 START sql view model dbt_schema.stg_tpch_line_items ..................... [RUN]
[2024-06-25T08:10:14.821+0000] {docker.py:436} INFO - [0m08:10:14  1 of 5 OK created sql view model dbt_schema.stg_tpch_line_items ................ [[32mSUCCESS 1[0m in 0.89s]
[2024-06-25T08:10:14.824+0000] {docker.py:436} INFO - [0m08:10:14  2 of 5 START sql view model dbt_schema.stg_tpch_orders ......................... [RUN]
[2024-06-25T08:10:15.674+0000] {docker.py:436} INFO - [0m08:10:15  2 of 5 OK created sql view model dbt_schema.stg_tpch_orders .................... [[32mSUCCESS 1[0m in 0.85s]
[2024-06-25T08:10:15.679+0000] {docker.py:436} INFO - [0m08:10:15  3 of 5 START sql table model dbt_schema.int_order_items ........................ [RUN]
[2024-06-25T08:10:26.031+0000] {docker.py:436} INFO - [0m08:10:26  3 of 5 OK created sql table model dbt_schema.int_order_items ................... [[32mSUCCESS 1[0m in 10.35s]
[2024-06-25T08:10:26.036+0000] {docker.py:436} INFO - [0m08:10:26  4 of 5 START sql table model dbt_schema.int_order_items_summary ................ [RUN]
[2024-06-25T08:10:27.824+0000] {docker.py:436} INFO - [0m08:10:27  4 of 5 OK created sql table model dbt_schema.int_order_items_summary ........... [[32mSUCCESS 1[0m in 1.78s]
[2024-06-25T08:10:27.830+0000] {docker.py:436} INFO - [0m08:10:27  5 of 5 START sql table model dbt_schema.fct_orders ............................. [RUN]
[2024-06-25T08:10:30.630+0000] {docker.py:436} INFO - [0m08:10:30  5 of 5 OK created sql table model dbt_schema.fct_orders ........................ [[32mSUCCESS 1[0m in 2.80s]
[2024-06-25T08:10:30.637+0000] {docker.py:436} INFO - [0m08:10:30
[2024-06-25T08:10:30.638+0000] {docker.py:436} INFO - [0m08:10:30  Finished running 2 view models, 3 table models in 0 hours 0 minutes and 20.57 seconds (20.57s).
[2024-06-25T08:10:30.746+0000] {docker.py:436} INFO - [0m08:10:30
[2024-06-25T08:10:30.747+0000] {docker.py:436} INFO - [0m08:10:30  [32mCompleted successfully[0m
[2024-06-25T08:10:30.750+0000] {docker.py:436} INFO - [0m08:10:30  
[0m08:10:30  Done. PASS=5 WARN=0 ERROR=0 SKIP=0 TOTAL=5
[2024-06-25T08:10:34.429+0000] {taskinstance.py:441} INFO - ::group::Post task execution logs
[2024-06-25T08:10:34.461+0000] {taskinstance.py:1206} INFO - Marking task as SUCCESS. dag_id=dbt_snowflake_v3, task_id=dbt_run, run_id=manual__2024-06-25T08:09:59.206769+00:00, execution_date=20240625T080959, start_date=20240625T081000, end_date=20240625T081034
[2024-06-25T08:10:34.494+0000] {local_task_job_runner.py:240} INFO - Task exited with return code 0
[2024-06-25T08:10:34.516+0000] {taskinstance.py:3503} INFO - 0 downstream tasks scheduled from follow-on schedule check
[2024-06-25T08:10:34.519+0000] {local_task_job_runner.py:222} INFO - ::endgroup::
