[2024-06-26T09:46:41.223+0000] {local_task_job_runner.py:120} INFO - ::group::Pre task execution logs
[2024-06-26T09:46:41.276+0000] {taskinstance.py:2076} INFO - Dependencies all met for dep_context=non-requeueable deps ti=<TaskInstance: elt_and_dbt.dbt_run manual__2024-06-26T09:46:37.780195+00:00 [queued]>
[2024-06-26T09:46:41.288+0000] {taskinstance.py:2076} INFO - Dependencies all met for dep_context=requeueable deps ti=<TaskInstance: elt_and_dbt.dbt_run manual__2024-06-26T09:46:37.780195+00:00 [queued]>
[2024-06-26T09:46:41.289+0000] {taskinstance.py:2306} INFO - Starting attempt 1 of 1
[2024-06-26T09:46:41.311+0000] {taskinstance.py:2330} INFO - Executing <Task(DockerOperator): dbt_run> on 2024-06-26 09:46:37.780195+00:00
[2024-06-26T09:46:41.323+0000] {standard_task_runner.py:90} INFO - Running: ['***', 'tasks', 'run', 'elt_and_dbt', 'dbt_run', 'manual__2024-06-26T09:46:37.780195+00:00', '--job-id', '19', '--raw', '--subdir', 'DAGS_FOLDER/first_dag.py', '--cfg-path', '/tmp/tmpm9my0ap6']
[2024-06-26T09:46:41.327+0000] {standard_task_runner.py:91} INFO - Job 19: Subtask dbt_run
[2024-06-26T09:46:41.330+0000] {logging_mixin.py:188} WARNING - /home/***/.local/lib/python3.12/site-packages/***/task/task_runner/standard_task_runner.py:61 DeprecationWarning: This process (pid=777) is multi-threaded, use of fork() may lead to deadlocks in the child.
[2024-06-26T09:46:41.331+0000] {standard_task_runner.py:63} INFO - Started process 778 to run task
[2024-06-26T09:46:41.401+0000] {task_command.py:426} INFO - Running <TaskInstance: elt_and_dbt.dbt_run manual__2024-06-26T09:46:37.780195+00:00 [running]> on host 7347636032b9
[2024-06-26T09:46:41.544+0000] {taskinstance.py:2648} INFO - Exporting env vars: AIRFLOW_CTX_DAG_OWNER='***' AIRFLOW_CTX_DAG_ID='elt_and_dbt' AIRFLOW_CTX_TASK_ID='dbt_run' AIRFLOW_CTX_EXECUTION_DATE='2024-06-26T09:46:37.780195+00:00' AIRFLOW_CTX_TRY_NUMBER='1' AIRFLOW_CTX_DAG_RUN_ID='manual__2024-06-26T09:46:37.780195+00:00'
[2024-06-26T09:46:41.546+0000] {taskinstance.py:430} INFO - ::endgroup::
[2024-06-26T09:46:41.628+0000] {docker.py:366} INFO - Starting docker container from image ghcr.io/dbt-labs/dbt-postgres:latest
[2024-06-26T09:46:41.642+0000] {docker.py:374} WARNING - Using remote engine or docker-in-docker and mounting temporary volume from host is not supported. Falling back to `mount_tmp_dir=False` mode. You can set `mount_tmp_dir` parameter to False to disable mounting and remove the warning
[2024-06-26T09:46:47.433+0000] {docker.py:436} INFO - [0m09:46:47  Running with dbt=1.8.3
[2024-06-26T09:46:47.901+0000] {docker.py:436} INFO - [0m09:46:47  Registered adapter: postgres=1.8.2
[2024-06-26T09:46:49.105+0000] {docker.py:436} INFO - [0m09:46:49  Found 6 models, 19 data tests, 3 sources, 417 macros
[2024-06-26T09:46:49.109+0000] {docker.py:436} INFO - [0m09:46:49
[2024-06-26T09:46:49.419+0000] {docker.py:436} INFO - [0m09:46:49  Concurrency: 1 threads (target='dev')
[2024-06-26T09:46:49.422+0000] {docker.py:436} INFO - [0m09:46:49
[2024-06-26T09:46:49.437+0000] {docker.py:436} INFO - [0m09:46:49  1 of 6 START sql table model public.actors ..................................... [RUN]
[2024-06-26T09:46:49.651+0000] {docker.py:436} INFO - [0m09:46:49  1 of 6 OK created sql table model public.actors ................................ [[32mSELECT 100[0m in 0.21s]
[2024-06-26T09:46:49.654+0000] {docker.py:436} INFO - [0m09:46:49  2 of 6 START sql table model public.film_actors ................................ [RUN]
[2024-06-26T09:46:49.734+0000] {docker.py:436} INFO - [0m09:46:49  2 of 6 OK created sql table model public.film_actors ........................... [[32mSELECT 100[0m in 0.08s]
[2024-06-26T09:46:49.737+0000] {docker.py:436} INFO - [0m09:46:49  3 of 6 START sql table model public.films ...................................... [RUN]
[2024-06-26T09:46:49.806+0000] {docker.py:436} INFO - [0m09:46:49  3 of 6 OK created sql table model public.films ................................. [[32mSELECT 100[0m in 0.07s]
[2024-06-26T09:46:49.812+0000] {docker.py:436} INFO - [0m09:46:49  4 of 6 START sql table model public.film_classification ........................ [RUN]
[2024-06-26T09:46:49.893+0000] {docker.py:436} INFO - [0m09:46:49  4 of 6 OK created sql table model public.film_classification ................... [[32mSELECT 100[0m in 0.08s]
[2024-06-26T09:46:49.897+0000] {docker.py:436} INFO - [0m09:46:49  5 of 6 START sql table model public.film_ratings ............................... [RUN]
[2024-06-26T09:46:50.004+0000] {docker.py:436} INFO - [0m09:46:50  5 of 6 OK created sql table model public.film_ratings .......................... [[32mSELECT 100[0m in 0.11s]
[2024-06-26T09:46:50.011+0000] {docker.py:436} INFO - [0m09:46:50  6 of 6 START sql table model public.specific_movie ............................. [RUN]
[2024-06-26T09:46:50.101+0000] {docker.py:436} INFO - [0m09:46:50  6 of 6 OK created sql table model public.specific_movie ........................ [[32mSELECT 5[0m in 0.09s]
[2024-06-26T09:46:50.129+0000] {docker.py:436} INFO - [0m09:46:50
[2024-06-26T09:46:50.130+0000] {docker.py:436} INFO - [0m09:46:50  Finished running 6 table models in 0 hours 0 minutes and 1.02 seconds (1.02s).
[2024-06-26T09:46:50.201+0000] {docker.py:436} INFO - [0m09:46:50
[2024-06-26T09:46:50.202+0000] {docker.py:436} INFO - [0m09:46:50  [32mCompleted successfully[0m
[2024-06-26T09:46:50.203+0000] {docker.py:436} INFO - [0m09:46:50
[2024-06-26T09:46:50.203+0000] {docker.py:436} INFO - [0m09:46:50  Done. PASS=6 WARN=0 ERROR=0 SKIP=0 TOTAL=6
[2024-06-26T09:46:52.314+0000] {taskinstance.py:441} INFO - ::group::Post task execution logs
[2024-06-26T09:46:52.367+0000] {taskinstance.py:1206} INFO - Marking task as SUCCESS. dag_id=elt_and_dbt, task_id=dbt_run, run_id=manual__2024-06-26T09:46:37.780195+00:00, execution_date=20240626T094637, start_date=20240626T094641, end_date=20240626T094652
[2024-06-26T09:46:52.429+0000] {local_task_job_runner.py:240} INFO - Task exited with return code 0
[2024-06-26T09:46:52.452+0000] {taskinstance.py:3503} INFO - 0 downstream tasks scheduled from follow-on schedule check
[2024-06-26T09:46:52.455+0000] {local_task_job_runner.py:222} INFO - ::endgroup::
