[2024-06-25T08:45:43.946+0000] {local_task_job_runner.py:120} INFO - ::group::Pre task execution logs
[2024-06-25T08:45:44.011+0000] {taskinstance.py:2076} INFO - Dependencies all met for dep_context=non-requeueable deps ti=<TaskInstance: dbt_snowflake_v5.2.dbt_run scheduled__2024-06-24T00:00:00+00:00 [queued]>
[2024-06-25T08:45:44.029+0000] {taskinstance.py:2076} INFO - Dependencies all met for dep_context=requeueable deps ti=<TaskInstance: dbt_snowflake_v5.2.dbt_run scheduled__2024-06-24T00:00:00+00:00 [queued]>
[2024-06-25T08:45:44.029+0000] {taskinstance.py:2306} INFO - Starting attempt 1 of 2
[2024-06-25T08:45:44.058+0000] {taskinstance.py:2330} INFO - Executing <Task(DockerOperator): dbt_run> on 2024-06-24 00:00:00+00:00
[2024-06-25T08:45:44.075+0000] {standard_task_runner.py:90} INFO - Running: ['***', 'tasks', 'run', 'dbt_snowflake_v5.2', 'dbt_run', 'scheduled__2024-06-24T00:00:00+00:00', '--job-id', '17', '--raw', '--subdir', 'DAGS_FOLDER/first_dag.py', '--cfg-path', '/tmp/tmp4zbjwgl4']
[2024-06-25T08:45:44.079+0000] {standard_task_runner.py:91} INFO - Job 17: Subtask dbt_run
[2024-06-25T08:45:44.082+0000] {logging_mixin.py:188} WARNING - /home/***/.local/lib/python3.12/site-packages/***/task/task_runner/standard_task_runner.py:61 DeprecationWarning: This process (pid=1149) is multi-threaded, use of fork() may lead to deadlocks in the child.
[2024-06-25T08:45:44.084+0000] {standard_task_runner.py:63} INFO - Started process 1151 to run task
[2024-06-25T08:45:44.162+0000] {task_command.py:426} INFO - Running <TaskInstance: dbt_snowflake_v5.2.dbt_run scheduled__2024-06-24T00:00:00+00:00 [running]> on host 40877dbc4b09
[2024-06-25T08:45:44.329+0000] {taskinstance.py:2648} INFO - Exporting env vars: AIRFLOW_CTX_DAG_OWNER='***' AIRFLOW_CTX_DAG_ID='dbt_snowflake_v5.2' AIRFLOW_CTX_TASK_ID='dbt_run' AIRFLOW_CTX_EXECUTION_DATE='2024-06-24T00:00:00+00:00' AIRFLOW_CTX_TRY_NUMBER='1' AIRFLOW_CTX_DAG_RUN_ID='scheduled__2024-06-24T00:00:00+00:00'
[2024-06-25T08:45:44.330+0000] {taskinstance.py:430} INFO - ::endgroup::
[2024-06-25T08:45:44.395+0000] {docker.py:366} INFO - Starting docker container from image ghcr.io/dbt-labs/dbt-snowflake:latest
[2024-06-25T08:45:44.399+0000] {docker.py:374} WARNING - Using remote engine or docker-in-docker and mounting temporary volume from host is not supported. Falling back to `mount_tmp_dir=False` mode. You can set `mount_tmp_dir` parameter to False to disable mounting and remove the warning
[2024-06-25T08:45:48.727+0000] {docker.py:436} INFO - [0m08:45:48  Running with dbt=1.8.2
[2024-06-25T08:45:49.706+0000] {docker.py:436} INFO - [0m08:45:49  Registered adapter: snowflake=1.8.3
[2024-06-25T08:45:50.470+0000] {docker.py:436} INFO - [0m08:45:50  Found 5 models, 9 data tests, 2 sources, 561 macros
[2024-06-25T08:45:50.477+0000] {docker.py:436} INFO - [0m08:45:50
[2024-06-25T08:45:52.318+0000] {docker.py:436} INFO - [0m08:45:52  Concurrency: 1 threads (target='dev')
[2024-06-25T08:45:52.320+0000] {docker.py:436} INFO - [0m08:45:52
[2024-06-25T08:45:52.337+0000] {docker.py:436} INFO - [0m08:45:52  1 of 5 START sql view model dbt_schema.stg_tpch_line_items ..................... [RUN]
[2024-06-25T08:45:53.360+0000] {docker.py:436} INFO - [0m08:45:53  1 of 5 OK created sql view model dbt_schema.stg_tpch_line_items ................ [[32mSUCCESS 1[0m in 1.02s]
[2024-06-25T08:45:53.363+0000] {docker.py:436} INFO - [0m08:45:53  2 of 5 START sql view model dbt_schema.stg_tpch_orders ......................... [RUN]
[2024-06-25T08:45:54.221+0000] {docker.py:436} INFO - [0m08:45:54  2 of 5 OK created sql view model dbt_schema.stg_tpch_orders .................... [[32mSUCCESS 1[0m in 0.85s]
[2024-06-25T08:45:54.226+0000] {docker.py:436} INFO - [0m08:45:54  3 of 5 START sql table model dbt_schema.int_order_items ........................ [RUN]
[2024-06-25T08:46:03.177+0000] {docker.py:436} INFO - [0m08:46:03  3 of 5 OK created sql table model dbt_schema.int_order_items ................... [[32mSUCCESS 1[0m in 8.95s]
[2024-06-25T08:46:03.183+0000] {docker.py:436} INFO - [0m08:46:03  4 of 5 START sql table model dbt_schema.int_order_items_summary ................ [RUN]
[2024-06-25T08:46:05.081+0000] {docker.py:436} INFO - [0m08:46:05  4 of 5 OK created sql table model dbt_schema.int_order_items_summary ........... [[32mSUCCESS 1[0m in 1.90s]
[2024-06-25T08:46:05.088+0000] {docker.py:436} INFO - [0m08:46:05  5 of 5 START sql table model dbt_schema.fct_orders ............................. [RUN]
[2024-06-25T08:46:07.214+0000] {docker.py:436} INFO - [0m08:46:07  5 of 5 OK created sql table model dbt_schema.fct_orders ........................ [[32mSUCCESS 1[0m in 2.12s]
[2024-06-25T08:46:07.222+0000] {docker.py:436} INFO - [0m08:46:07
[2024-06-25T08:46:07.224+0000] {docker.py:436} INFO - [0m08:46:07  Finished running 2 view models, 3 table models in 0 hours 0 minutes and 16.75 seconds (16.75s).
[2024-06-25T08:46:07.352+0000] {docker.py:436} INFO - [0m08:46:07
[2024-06-25T08:46:07.353+0000] {docker.py:436} INFO - [0m08:46:07  [32mCompleted successfully[0m
[2024-06-25T08:46:07.354+0000] {docker.py:436} INFO - [0m08:46:07
[2024-06-25T08:46:07.355+0000] {docker.py:436} INFO - [0m08:46:07  Done. PASS=5 WARN=0 ERROR=0 SKIP=0 TOTAL=5
[2024-06-25T08:46:10.058+0000] {taskinstance.py:441} INFO - ::group::Post task execution logs
[2024-06-25T08:46:10.118+0000] {taskinstance.py:1206} INFO - Marking task as SUCCESS. dag_id=dbt_snowflake_v5.2, task_id=dbt_run, run_id=scheduled__2024-06-24T00:00:00+00:00, execution_date=20240624T000000, start_date=20240625T084544, end_date=20240625T084610
[2024-06-25T08:46:10.164+0000] {local_task_job_runner.py:240} INFO - Task exited with return code 0
[2024-06-25T08:46:10.201+0000] {taskinstance.py:3503} INFO - 1 downstream tasks scheduled from follow-on schedule check
[2024-06-25T08:46:10.204+0000] {local_task_job_runner.py:222} INFO - ::endgroup::
