[2024-06-25T08:42:32.150+0000] {local_task_job_runner.py:120} INFO - ::group::Pre task execution logs
[2024-06-25T08:42:32.222+0000] {taskinstance.py:2076} INFO - Dependencies all met for dep_context=non-requeueable deps ti=<TaskInstance: dbt_snowflake_v5.1.dbt_run manual__2024-06-25T08:42:30.953886+00:00 [queued]>
[2024-06-25T08:42:32.240+0000] {taskinstance.py:2076} INFO - Dependencies all met for dep_context=requeueable deps ti=<TaskInstance: dbt_snowflake_v5.1.dbt_run manual__2024-06-25T08:42:30.953886+00:00 [queued]>
[2024-06-25T08:42:32.241+0000] {taskinstance.py:2306} INFO - Starting attempt 1 of 2
[2024-06-25T08:42:32.275+0000] {taskinstance.py:2330} INFO - Executing <Task(DockerOperator): dbt_run> on 2024-06-25 08:42:30.953886+00:00
[2024-06-25T08:42:32.295+0000] {standard_task_runner.py:90} INFO - Running: ['***', 'tasks', 'run', 'dbt_snowflake_v5.1', 'dbt_run', 'manual__2024-06-25T08:42:30.953886+00:00', '--job-id', '13', '--raw', '--subdir', 'DAGS_FOLDER/first_dag.py', '--cfg-path', '/tmp/tmpfkemzi_a']
[2024-06-25T08:42:32.303+0000] {standard_task_runner.py:91} INFO - Job 13: Subtask dbt_run
[2024-06-25T08:42:32.304+0000] {logging_mixin.py:188} WARNING - /home/***/.local/lib/python3.12/site-packages/***/task/task_runner/standard_task_runner.py:61 DeprecationWarning: This process (pid=1060) is multi-threaded, use of fork() may lead to deadlocks in the child.
[2024-06-25T08:42:32.305+0000] {standard_task_runner.py:63} INFO - Started process 1062 to run task
[2024-06-25T08:42:32.391+0000] {task_command.py:426} INFO - Running <TaskInstance: dbt_snowflake_v5.1.dbt_run manual__2024-06-25T08:42:30.953886+00:00 [running]> on host 40877dbc4b09
[2024-06-25T08:42:32.549+0000] {taskinstance.py:2648} INFO - Exporting env vars: AIRFLOW_CTX_DAG_OWNER='***' AIRFLOW_CTX_DAG_ID='dbt_snowflake_v5.1' AIRFLOW_CTX_TASK_ID='dbt_run' AIRFLOW_CTX_EXECUTION_DATE='2024-06-25T08:42:30.953886+00:00' AIRFLOW_CTX_TRY_NUMBER='1' AIRFLOW_CTX_DAG_RUN_ID='manual__2024-06-25T08:42:30.953886+00:00'
[2024-06-25T08:42:32.551+0000] {taskinstance.py:430} INFO - ::endgroup::
[2024-06-25T08:42:32.621+0000] {docker.py:366} INFO - Starting docker container from image ghcr.io/dbt-labs/dbt-snowflake:latest
[2024-06-25T08:42:32.627+0000] {docker.py:374} WARNING - Using remote engine or docker-in-docker and mounting temporary volume from host is not supported. Falling back to `mount_tmp_dir=False` mode. You can set `mount_tmp_dir` parameter to False to disable mounting and remove the warning
[2024-06-25T08:42:37.128+0000] {docker.py:436} INFO - [0m08:42:37  Running with dbt=1.8.2
[2024-06-25T08:42:38.154+0000] {docker.py:436} INFO - [0m08:42:38  Registered adapter: snowflake=1.8.3
[2024-06-25T08:42:39.101+0000] {docker.py:436} INFO - [0m08:42:39  Found 5 models, 9 data tests, 2 sources, 561 macros
[2024-06-25T08:42:39.107+0000] {docker.py:436} INFO - [0m08:42:39
[2024-06-25T08:42:40.940+0000] {docker.py:436} INFO - [0m08:42:40  Concurrency: 1 threads (target='dev')
[2024-06-25T08:42:40.941+0000] {docker.py:436} INFO - [0m08:42:40
[2024-06-25T08:42:40.957+0000] {docker.py:436} INFO - [0m08:42:40  1 of 5 START sql view model dbt_schema.stg_tpch_line_items ..................... [RUN]
[2024-06-25T08:42:41.936+0000] {docker.py:436} INFO - [0m08:42:41  1 of 5 OK created sql view model dbt_schema.stg_tpch_line_items ................ [[32mSUCCESS 1[0m in 0.97s]
[2024-06-25T08:42:41.942+0000] {docker.py:436} INFO - [0m08:42:41  2 of 5 START sql view model dbt_schema.stg_tpch_orders ......................... [RUN]
[2024-06-25T08:42:42.777+0000] {docker.py:436} INFO - [0m08:42:42  2 of 5 OK created sql view model dbt_schema.stg_tpch_orders .................... [[32mSUCCESS 1[0m in 0.83s]
[2024-06-25T08:42:42.781+0000] {docker.py:436} INFO - [0m08:42:42  3 of 5 START sql table model dbt_schema.int_order_items ........................ [RUN]
[2024-06-25T08:42:52.044+0000] {docker.py:436} INFO - [0m08:42:52  3 of 5 OK created sql table model dbt_schema.int_order_items ................... [[32mSUCCESS 1[0m in 9.26s]
[2024-06-25T08:42:52.048+0000] {docker.py:436} INFO - [0m08:42:52  4 of 5 START sql table model dbt_schema.int_order_items_summary ................ [RUN]
[2024-06-25T08:42:54.065+0000] {docker.py:436} INFO - [0m08:42:54  4 of 5 OK created sql table model dbt_schema.int_order_items_summary ........... [[32mSUCCESS 1[0m in 2.01s]
[2024-06-25T08:42:54.068+0000] {docker.py:436} INFO - [0m08:42:54  5 of 5 START sql table model dbt_schema.fct_orders ............................. [RUN]
[2024-06-25T08:42:56.590+0000] {docker.py:436} INFO - [0m08:42:56  5 of 5 OK created sql table model dbt_schema.fct_orders ........................ [[32mSUCCESS 1[0m in 2.52s]
[2024-06-25T08:42:56.596+0000] {docker.py:436} INFO - [0m08:42:56
[2024-06-25T08:42:56.596+0000] {docker.py:436} INFO - [0m08:42:56  Finished running 2 view models, 3 table models in 0 hours 0 minutes and 17.49 seconds (17.49s).
[2024-06-25T08:42:56.679+0000] {docker.py:436} INFO - [0m08:42:56
[2024-06-25T08:42:56.680+0000] {docker.py:436} INFO - [0m08:42:56  [32mCompleted successfully[0m
[2024-06-25T08:42:56.680+0000] {docker.py:436} INFO - [0m08:42:56
[2024-06-25T08:42:56.681+0000] {docker.py:436} INFO - [0m08:42:56  Done. PASS=5 WARN=0 ERROR=0 SKIP=0 TOTAL=5
[2024-06-25T08:42:58.993+0000] {taskinstance.py:441} INFO - ::group::Post task execution logs
[2024-06-25T08:42:59.032+0000] {taskinstance.py:1206} INFO - Marking task as SUCCESS. dag_id=dbt_snowflake_v5.1, task_id=dbt_run, run_id=manual__2024-06-25T08:42:30.953886+00:00, execution_date=20240625T084230, start_date=20240625T084232, end_date=20240625T084259
[2024-06-25T08:42:59.092+0000] {local_task_job_runner.py:240} INFO - Task exited with return code 0
[2024-06-25T08:42:59.119+0000] {taskinstance.py:3503} INFO - 1 downstream tasks scheduled from follow-on schedule check
[2024-06-25T08:42:59.122+0000] {local_task_job_runner.py:222} INFO - ::endgroup::
