[2024-06-25T08:47:17.137+0000] {local_task_job_runner.py:120} INFO - ::group::Pre task execution logs
[2024-06-25T08:47:17.200+0000] {taskinstance.py:2076} INFO - Dependencies all met for dep_context=non-requeueable deps ti=<TaskInstance: dbt_snowflake_v5.2.dbt_run manual__2024-06-25T08:47:16.297873+00:00 [queued]>
[2024-06-25T08:47:17.212+0000] {taskinstance.py:2076} INFO - Dependencies all met for dep_context=requeueable deps ti=<TaskInstance: dbt_snowflake_v5.2.dbt_run manual__2024-06-25T08:47:16.297873+00:00 [queued]>
[2024-06-25T08:47:17.213+0000] {taskinstance.py:2306} INFO - Starting attempt 1 of 2
[2024-06-25T08:47:17.236+0000] {taskinstance.py:2330} INFO - Executing <Task(DockerOperator): dbt_run> on 2024-06-25 08:47:16.297873+00:00
[2024-06-25T08:47:17.248+0000] {standard_task_runner.py:90} INFO - Running: ['***', 'tasks', 'run', 'dbt_snowflake_v5.2', 'dbt_run', 'manual__2024-06-25T08:47:16.297873+00:00', '--job-id', '21', '--raw', '--subdir', 'DAGS_FOLDER/first_dag.py', '--cfg-path', '/tmp/tmp56qwcpf6']
[2024-06-25T08:47:17.251+0000] {standard_task_runner.py:91} INFO - Job 21: Subtask dbt_run
[2024-06-25T08:47:17.254+0000] {logging_mixin.py:188} WARNING - /home/***/.local/lib/python3.12/site-packages/***/task/task_runner/standard_task_runner.py:61 DeprecationWarning: This process (pid=1196) is multi-threaded, use of fork() may lead to deadlocks in the child.
[2024-06-25T08:47:17.254+0000] {standard_task_runner.py:63} INFO - Started process 1197 to run task
[2024-06-25T08:47:17.333+0000] {task_command.py:426} INFO - Running <TaskInstance: dbt_snowflake_v5.2.dbt_run manual__2024-06-25T08:47:16.297873+00:00 [running]> on host 40877dbc4b09
[2024-06-25T08:47:17.496+0000] {taskinstance.py:2648} INFO - Exporting env vars: AIRFLOW_CTX_DAG_OWNER='***' AIRFLOW_CTX_DAG_ID='dbt_snowflake_v5.2' AIRFLOW_CTX_TASK_ID='dbt_run' AIRFLOW_CTX_EXECUTION_DATE='2024-06-25T08:47:16.297873+00:00' AIRFLOW_CTX_TRY_NUMBER='1' AIRFLOW_CTX_DAG_RUN_ID='manual__2024-06-25T08:47:16.297873+00:00'
[2024-06-25T08:47:17.497+0000] {taskinstance.py:430} INFO - ::endgroup::
[2024-06-25T08:47:17.552+0000] {docker.py:366} INFO - Starting docker container from image ghcr.io/dbt-labs/dbt-snowflake:latest
[2024-06-25T08:47:17.555+0000] {docker.py:374} WARNING - Using remote engine or docker-in-docker and mounting temporary volume from host is not supported. Falling back to `mount_tmp_dir=False` mode. You can set `mount_tmp_dir` parameter to False to disable mounting and remove the warning
[2024-06-25T08:47:21.181+0000] {docker.py:436} INFO - [0m08:47:21  Running with dbt=1.8.2
[2024-06-25T08:47:22.004+0000] {docker.py:436} INFO - [0m08:47:22  Registered adapter: snowflake=1.8.3
[2024-06-25T08:47:22.776+0000] {docker.py:436} INFO - [0m08:47:22  Found 5 models, 9 data tests, 2 sources, 561 macros
[2024-06-25T08:47:22.787+0000] {docker.py:436} INFO - [0m08:47:22
[2024-06-25T08:47:24.901+0000] {docker.py:436} INFO - [0m08:47:24  Concurrency: 1 threads (target='dev')
[2024-06-25T08:47:24.902+0000] {docker.py:436} INFO - [0m08:47:24
[2024-06-25T08:47:24.927+0000] {docker.py:436} INFO - [0m08:47:24  1 of 5 START sql view model dbt_schema.stg_tpch_line_items ..................... [RUN]
[2024-06-25T08:47:25.884+0000] {docker.py:436} INFO - [0m08:47:25  1 of 5 OK created sql view model dbt_schema.stg_tpch_line_items ................ [[32mSUCCESS 1[0m in 0.95s]
[2024-06-25T08:47:25.887+0000] {docker.py:436} INFO - [0m08:47:25  2 of 5 START sql view model dbt_schema.stg_tpch_orders ......................... [RUN]
[2024-06-25T08:47:26.720+0000] {docker.py:436} INFO - [0m08:47:26  2 of 5 OK created sql view model dbt_schema.stg_tpch_orders .................... [[32mSUCCESS 1[0m in 0.83s]
[2024-06-25T08:47:26.726+0000] {docker.py:436} INFO - [0m08:47:26  3 of 5 START sql table model dbt_schema.int_order_items ........................ [RUN]
[2024-06-25T08:47:32.326+0000] {docker.py:436} INFO - [0m08:47:32  3 of 5 OK created sql table model dbt_schema.int_order_items ................... [[32mSUCCESS 1[0m in 5.60s]
[2024-06-25T08:47:32.329+0000] {docker.py:436} INFO - [0m08:47:32  4 of 5 START sql table model dbt_schema.int_order_items_summary ................ [RUN]
[2024-06-25T08:47:33.895+0000] {docker.py:436} INFO - [0m08:47:33  4 of 5 OK created sql table model dbt_schema.int_order_items_summary ........... [[32mSUCCESS 1[0m in 1.56s]
[2024-06-25T08:47:33.901+0000] {docker.py:436} INFO - [0m08:47:33  5 of 5 START sql table model dbt_schema.fct_orders ............................. [RUN]
[2024-06-25T08:47:35.740+0000] {docker.py:436} INFO - [0m08:47:35  5 of 5 OK created sql table model dbt_schema.fct_orders ........................ [[32mSUCCESS 1[0m in 1.84s]
[2024-06-25T08:47:35.746+0000] {docker.py:436} INFO - [0m08:47:35
[2024-06-25T08:47:35.746+0000] {docker.py:436} INFO - [0m08:47:35  Finished running 2 view models, 3 table models in 0 hours 0 minutes and 12.96 seconds (12.96s).
[2024-06-25T08:47:35.828+0000] {docker.py:436} INFO - [0m08:47:35
[2024-06-25T08:47:35.829+0000] {docker.py:436} INFO - [0m08:47:35  [32mCompleted successfully[0m
[2024-06-25T08:47:35.830+0000] {docker.py:436} INFO - [0m08:47:35
[2024-06-25T08:47:35.831+0000] {docker.py:436} INFO - [0m08:47:35  Done. PASS=5 WARN=0 ERROR=0 SKIP=0 TOTAL=5
[2024-06-25T08:47:38.062+0000] {taskinstance.py:441} INFO - ::group::Post task execution logs
[2024-06-25T08:47:38.099+0000] {taskinstance.py:1206} INFO - Marking task as SUCCESS. dag_id=dbt_snowflake_v5.2, task_id=dbt_run, run_id=manual__2024-06-25T08:47:16.297873+00:00, execution_date=20240625T084716, start_date=20240625T084717, end_date=20240625T084738
[2024-06-25T08:47:38.135+0000] {local_task_job_runner.py:240} INFO - Task exited with return code 0
[2024-06-25T08:47:38.166+0000] {taskinstance.py:3503} INFO - 1 downstream tasks scheduled from follow-on schedule check
[2024-06-25T08:47:38.169+0000] {local_task_job_runner.py:222} INFO - ::endgroup::
