[0m12:03:10.552311 [debug] [MainThread]: Sending event: {'category': 'dbt', 'action': 'invocation', 'label': 'start', 'context': [<snowplow_tracker.self_describing_json.SelfDescribingJson object at 0x7e830de70250>, <snowplow_tracker.self_describing_json.SelfDescribingJson object at 0x7e830c3c3fa0>, <snowplow_tracker.self_describing_json.SelfDescribingJson object at 0x7e830c3c3f40>]}


============================== 12:03:10.556749 | 89582d6d-9d5f-42ae-b65f-f7ff10761810 ==============================
[0m12:03:10.556749 [info ] [MainThread]: Running with dbt=1.8.3
[0m12:03:10.557875 [debug] [MainThread]: running dbt with arguments {'printer_width': '80', 'indirect_selection': 'eager', 'write_json': 'True', 'log_cache_events': 'False', 'partial_parse': 'True', 'cache_selected_only': 'False', 'profiles_dir': '/home/jaydeep/.dbt', 'fail_fast': 'False', 'warn_error': 'None', 'log_path': 'logs', 'version_check': 'True', 'debug': 'False', 'use_colors': 'True', 'use_experimental_parser': 'False', 'empty': 'None', 'quiet': 'False', 'no_print': 'None', 'log_format': 'default', 'introspect': 'True', 'static_parser': 'True', 'invocation_command': 'dbt init', 'target_path': 'None', 'warn_error_options': 'WarnErrorOptions(include=[], exclude=[])', 'send_anonymous_usage_stats': 'True'}
[0m12:03:16.448950 [debug] [MainThread]: Starter project path: /home/jaydeep/Downloads/dbt/venv/lib/python3.10/site-packages/dbt/include/starter_project
[0m12:03:16.468525 [info ] [MainThread]: 
Your new dbt project "snow_dbt" was created!

For more information on how to configure the profiles.yml file,
please consult the dbt documentation here:

  https://docs.getdbt.com/docs/configure-your-profile

One more thing:

Need help? Don't hesitate to reach out to us via GitHub issues or on Slack:

  https://community.getdbt.com/

Happy modeling!

[0m12:03:16.475761 [info ] [MainThread]: Setting up your profile.
[0m12:04:22.880177 [info ] [MainThread]: Profile snow_dbt written to /home/jaydeep/.dbt/profiles.yml using target's profile_template.yml and your supplied values. Run 'dbt debug' to validate the connection.
[0m12:04:22.883444 [debug] [MainThread]: Resource report: {"command_name": "init", "command_success": true, "command_wall_clock_time": 72.44157, "process_user_time": 2.506247, "process_kernel_time": 0.203517, "process_mem_max_rss": "110088", "process_in_blocks": "40", "process_out_blocks": "80"}
[0m12:04:22.885756 [debug] [MainThread]: Command `dbt init` succeeded at 12:04:22.885277 after 72.44 seconds
[0m12:04:22.887635 [debug] [MainThread]: Sending event: {'category': 'dbt', 'action': 'invocation', 'label': 'end', 'context': [<snowplow_tracker.self_describing_json.SelfDescribingJson object at 0x7e830de70250>, <snowplow_tracker.self_describing_json.SelfDescribingJson object at 0x7e830c3c3ee0>, <snowplow_tracker.self_describing_json.SelfDescribingJson object at 0x7e830c3c2920>]}
[0m12:04:22.890346 [debug] [MainThread]: Flushing usage events
