[2024-06-26T09:44:06.890+0000] {local_task_job_runner.py:120} INFO - ::group::Pre task execution logs
[2024-06-26T09:44:06.977+0000] {taskinstance.py:2076} INFO - Dependencies all met for dep_context=non-requeueable deps ti=<TaskInstance: elt_and_dbt.dbt_run manual__2024-06-26T09:44:03.441865+00:00 [queued]>
[2024-06-26T09:44:06.997+0000] {taskinstance.py:2076} INFO - Dependencies all met for dep_context=requeueable deps ti=<TaskInstance: elt_and_dbt.dbt_run manual__2024-06-26T09:44:03.441865+00:00 [queued]>
[2024-06-26T09:44:06.998+0000] {taskinstance.py:2306} INFO - Starting attempt 1 of 1
[2024-06-26T09:44:07.031+0000] {taskinstance.py:2330} INFO - Executing <Task(DockerOperator): dbt_run> on 2024-06-26 09:44:03.441865+00:00
[2024-06-26T09:44:07.050+0000] {standard_task_runner.py:90} INFO - Running: ['***', 'tasks', 'run', 'elt_and_dbt', 'dbt_run', 'manual__2024-06-26T09:44:03.441865+00:00', '--job-id', '16', '--raw', '--subdir', 'DAGS_FOLDER/first_dag.py', '--cfg-path', '/tmp/tmpc8sv17uy']
[2024-06-26T09:44:07.056+0000] {standard_task_runner.py:91} INFO - Job 16: Subtask dbt_run
[2024-06-26T09:44:07.058+0000] {logging_mixin.py:188} WARNING - /home/***/.local/lib/python3.12/site-packages/***/task/task_runner/standard_task_runner.py:61 DeprecationWarning: This process (pid=648) is multi-threaded, use of fork() may lead to deadlocks in the child.
[2024-06-26T09:44:07.059+0000] {standard_task_runner.py:63} INFO - Started process 649 to run task
[2024-06-26T09:44:07.151+0000] {task_command.py:426} INFO - Running <TaskInstance: elt_and_dbt.dbt_run manual__2024-06-26T09:44:03.441865+00:00 [running]> on host 7347636032b9
[2024-06-26T09:44:07.318+0000] {taskinstance.py:2648} INFO - Exporting env vars: AIRFLOW_CTX_DAG_OWNER='***' AIRFLOW_CTX_DAG_ID='elt_and_dbt' AIRFLOW_CTX_TASK_ID='dbt_run' AIRFLOW_CTX_EXECUTION_DATE='2024-06-26T09:44:03.441865+00:00' AIRFLOW_CTX_TRY_NUMBER='1' AIRFLOW_CTX_DAG_RUN_ID='manual__2024-06-26T09:44:03.441865+00:00'
[2024-06-26T09:44:07.319+0000] {taskinstance.py:430} INFO - ::endgroup::
[2024-06-26T09:44:07.391+0000] {docker.py:366} INFO - Starting docker container from image ghcr.io/dbt-labs/dbt-postgres:latest
[2024-06-26T09:44:07.399+0000] {docker.py:374} WARNING - Using remote engine or docker-in-docker and mounting temporary volume from host is not supported. Falling back to `mount_tmp_dir=False` mode. You can set `mount_tmp_dir` parameter to False to disable mounting and remove the warning
[2024-06-26T09:44:13.163+0000] {docker.py:436} INFO - [0m09:44:13  Running with dbt=1.8.3
[2024-06-26T09:44:13.547+0000] {docker.py:436} INFO - [0m09:44:13  Registered adapter: postgres=1.8.2
[2024-06-26T09:44:13.742+0000] {docker.py:436} INFO - [0m09:44:13  Unable to do partial parsing because profile has changed
[2024-06-26T09:44:15.410+0000] {docker.py:436} INFO - [0m09:44:15  [[33mWARNING[0m]: Deprecated functionality
The `tests` config has been renamed to `data_tests`. Please see
https://docs.getdbt.com/docs/build/data-tests#new-data_tests-syntax for more
information.
[2024-06-26T09:44:16.270+0000] {docker.py:436} INFO - [0m09:44:16  Found 6 models, 19 data tests, 3 sources, 417 macros
[2024-06-26T09:44:16.274+0000] {docker.py:436} INFO - [0m09:44:16
[2024-06-26T09:44:16.561+0000] {docker.py:436} INFO - [0m09:44:16  Concurrency: 1 threads (target='dev')
[2024-06-26T09:44:16.564+0000] {docker.py:436} INFO - [0m09:44:16
[2024-06-26T09:44:16.628+0000] {docker.py:436} INFO - [0m09:44:16  1 of 6 START sql table model public.actors ..................................... [RUN]
[2024-06-26T09:44:16.832+0000] {docker.py:436} INFO - [0m09:44:16  1 of 6 OK created sql table model public.actors ................................ [[32mSELECT 80[0m in 0.20s]
[2024-06-26T09:44:16.835+0000] {docker.py:436} INFO - [0m09:44:16  2 of 6 START sql table model public.film_actors ................................ [RUN]
[2024-06-26T09:44:16.900+0000] {docker.py:436} INFO - [0m09:44:16  2 of 6 OK created sql table model public.film_actors ........................... [[32mSELECT 80[0m in 0.06s]
[2024-06-26T09:44:16.903+0000] {docker.py:436} INFO - [0m09:44:16  3 of 6 START sql table model public.films ...................................... [RUN]
[2024-06-26T09:44:16.966+0000] {docker.py:436} INFO - [0m09:44:16  3 of 6 OK created sql table model public.films ................................. [[32mSELECT 80[0m in 0.06s]
[2024-06-26T09:44:16.970+0000] {docker.py:436} INFO - [0m09:44:16  4 of 6 START sql table model public.film_classification ........................ [RUN]
[2024-06-26T09:44:17.043+0000] {docker.py:436} INFO - [0m09:44:17  4 of 6 OK created sql table model public.film_classification ................... [[32mSELECT 80[0m in 0.07s]
[2024-06-26T09:44:17.047+0000] {docker.py:436} INFO - [0m09:44:17  5 of 6 START sql table model public.film_ratings ............................... [RUN]
[2024-06-26T09:44:17.124+0000] {docker.py:436} INFO - [0m09:44:17  5 of 6 OK created sql table model public.film_ratings .......................... [[32mSELECT 80[0m in 0.08s]
[2024-06-26T09:44:17.126+0000] {docker.py:436} INFO - [0m09:44:17  6 of 6 START sql table model public.specific_movie ............................. [RUN]
[2024-06-26T09:44:17.193+0000] {docker.py:436} INFO - [0m09:44:17  6 of 6 OK created sql table model public.specific_movie ........................ [[32mSELECT 4[0m in 0.06s]
[2024-06-26T09:44:17.210+0000] {docker.py:436} INFO - [0m09:44:17
[2024-06-26T09:44:17.210+0000] {docker.py:436} INFO - [0m09:44:17  Finished running 6 table models in 0 hours 0 minutes and 0.93 seconds (0.93s).
[2024-06-26T09:44:17.271+0000] {docker.py:436} INFO - [0m09:44:17
[2024-06-26T09:44:17.271+0000] {docker.py:436} INFO - [0m09:44:17  [32mCompleted successfully[0m
[2024-06-26T09:44:17.272+0000] {docker.py:436} INFO - [0m09:44:17
[2024-06-26T09:44:17.272+0000] {docker.py:436} INFO - [0m09:44:17  Done. PASS=6 WARN=0 ERROR=0 SKIP=0 TOTAL=6
[2024-06-26T09:44:19.169+0000] {taskinstance.py:441} INFO - ::group::Post task execution logs
[2024-06-26T09:44:19.203+0000] {taskinstance.py:1206} INFO - Marking task as SUCCESS. dag_id=elt_and_dbt, task_id=dbt_run, run_id=manual__2024-06-26T09:44:03.441865+00:00, execution_date=20240626T094403, start_date=20240626T094406, end_date=20240626T094419
[2024-06-26T09:44:19.248+0000] {local_task_job_runner.py:240} INFO - Task exited with return code 0
[2024-06-26T09:44:19.284+0000] {taskinstance.py:3503} INFO - 0 downstream tasks scheduled from follow-on schedule check
[2024-06-26T09:44:19.290+0000] {local_task_job_runner.py:222} INFO - ::endgroup::
