[2024-06-24T09:00:39.252+0000] {local_task_job_runner.py:120} INFO - ::group::Pre task execution logs
[2024-06-24T09:00:39.368+0000] {taskinstance.py:2076} INFO - Dependencies all met for dep_context=non-requeueable deps ti=<TaskInstance: dbt_snowflake_v3.dbt_run manual__2024-06-24T09:00:37.886762+00:00 [queued]>
[2024-06-24T09:00:39.385+0000] {taskinstance.py:2076} INFO - Dependencies all met for dep_context=requeueable deps ti=<TaskInstance: dbt_snowflake_v3.dbt_run manual__2024-06-24T09:00:37.886762+00:00 [queued]>
[2024-06-24T09:00:39.385+0000] {taskinstance.py:2306} INFO - Starting attempt 1 of 2
[2024-06-24T09:00:39.413+0000] {taskinstance.py:2330} INFO - Executing <Task(DockerOperator): dbt_run> on 2024-06-24 09:00:37.886762+00:00
[2024-06-24T09:00:39.426+0000] {standard_task_runner.py:90} INFO - Running: ['***', 'tasks', 'run', 'dbt_snowflake_v3', 'dbt_run', 'manual__2024-06-24T09:00:37.886762+00:00', '--job-id', '5', '--raw', '--subdir', 'DAGS_FOLDER/first_dag.py', '--cfg-path', '/tmp/tmp_k9fylih']
[2024-06-24T09:00:39.431+0000] {standard_task_runner.py:91} INFO - Job 5: Subtask dbt_run
[2024-06-24T09:00:39.443+0000] {logging_mixin.py:188} WARNING - /home/***/.local/lib/python3.12/site-packages/***/task/task_runner/standard_task_runner.py:61 DeprecationWarning: This process (pid=327) is multi-threaded, use of fork() may lead to deadlocks in the child.
[2024-06-24T09:00:39.444+0000] {standard_task_runner.py:63} INFO - Started process 328 to run task
[2024-06-24T09:00:39.521+0000] {task_command.py:426} INFO - Running <TaskInstance: dbt_snowflake_v3.dbt_run manual__2024-06-24T09:00:37.886762+00:00 [running]> on host 27944d255232
[2024-06-24T09:00:39.703+0000] {taskinstance.py:2648} INFO - Exporting env vars: AIRFLOW_CTX_DAG_OWNER='***' AIRFLOW_CTX_DAG_ID='dbt_snowflake_v3' AIRFLOW_CTX_TASK_ID='dbt_run' AIRFLOW_CTX_EXECUTION_DATE='2024-06-24T09:00:37.886762+00:00' AIRFLOW_CTX_TRY_NUMBER='1' AIRFLOW_CTX_DAG_RUN_ID='manual__2024-06-24T09:00:37.886762+00:00'
[2024-06-24T09:00:39.704+0000] {taskinstance.py:430} INFO - ::endgroup::
[2024-06-24T09:00:39.772+0000] {docker.py:493} INFO - Pulling docker image ghcr.io/dbt-labs/dbt-snowflake:latest
[2024-06-24T09:00:41.710+0000] {docker.py:507} INFO - latest: Pulling from dbt-labs/dbt-snowflake
[2024-06-24T09:00:42.167+0000] {docker.py:507} INFO - f1f26f570256: Already exists
[2024-06-24T09:00:42.181+0000] {docker.py:507} INFO - 2d2b01660885: Already exists
[2024-06-24T09:00:42.194+0000] {docker.py:507} INFO - e4e8e4c0b0e1: Already exists
[2024-06-24T09:00:42.208+0000] {docker.py:507} INFO - 1ba60f086308: Already exists
[2024-06-24T09:00:42.220+0000] {docker.py:507} INFO - 3c2fccf90be1: Already exists
[2024-06-24T09:00:42.230+0000] {docker.py:507} INFO - 7932a6815e29: Pulling fs layer
[2024-06-24T09:00:42.231+0000] {docker.py:507} INFO - d92b173d901b: Pulling fs layer
[2024-06-24T09:00:42.232+0000] {docker.py:507} INFO - 7626e9cdf27c: Pulling fs layer
[2024-06-24T09:00:42.232+0000] {docker.py:507} INFO - 30ba19b18c8e: Pulling fs layer
[2024-06-24T09:00:42.233+0000] {docker.py:507} INFO - 30ba19b18c8e: Waiting
[2024-06-24T09:00:43.046+0000] {docker.py:507} INFO - 7626e9cdf27c: Downloading
[2024-06-24T09:00:43.049+0000] {docker.py:507} INFO - 7626e9cdf27c: Verifying Checksum
[2024-06-24T09:00:43.050+0000] {docker.py:507} INFO - 7626e9cdf27c: Download complete
[2024-06-24T09:00:43.085+0000] {docker.py:507} INFO - d92b173d901b: Downloading
[2024-06-24T09:00:43.139+0000] {docker.py:507} INFO - 7932a6815e29: Downloading
[2024-06-24T09:00:43.959+0000] {docker.py:507} INFO - 30ba19b18c8e: Downloading
[2024-06-24T09:00:44.359+0000] {docker.py:507} INFO - d92b173d901b: Verifying Checksum
[2024-06-24T09:00:44.361+0000] {docker.py:507} INFO - d92b173d901b: Download complete
[2024-06-24T09:00:47.606+0000] {docker.py:507} INFO - 30ba19b18c8e: Verifying Checksum
[2024-06-24T09:00:47.607+0000] {docker.py:507} INFO - 30ba19b18c8e: Download complete
[2024-06-24T09:00:55.093+0000] {docker.py:507} INFO - 7932a6815e29: Download complete
[2024-06-24T09:00:55.151+0000] {docker.py:507} INFO - 7932a6815e29: Extracting
[2024-06-24T09:01:11.918+0000] {docker.py:507} INFO - 7932a6815e29: Pull complete
[2024-06-24T09:01:11.936+0000] {docker.py:507} INFO - d92b173d901b: Extracting
[2024-06-24T09:01:13.749+0000] {docker.py:507} INFO - d92b173d901b: Pull complete
[2024-06-24T09:01:13.760+0000] {docker.py:507} INFO - 7626e9cdf27c: Extracting
[2024-06-24T09:01:13.789+0000] {docker.py:507} INFO - 7626e9cdf27c: Pull complete
[2024-06-24T09:01:13.822+0000] {docker.py:507} INFO - 30ba19b18c8e: Extracting
[2024-06-24T09:01:26.691+0000] {docker.py:507} INFO - 30ba19b18c8e: Pull complete
[2024-06-24T09:01:26.990+0000] {docker.py:502} INFO - Digest: sha256:c7e9bc2c09322368cfa7c0972a95fd8100a42028da7c310291e97aef090ce388
[2024-06-24T09:01:27.005+0000] {docker.py:502} INFO - Status: Downloaded newer image for ghcr.io/dbt-labs/dbt-snowflake:latest
[2024-06-24T09:01:27.011+0000] {docker.py:366} INFO - Starting docker container from image ghcr.io/dbt-labs/dbt-snowflake:latest
[2024-06-24T09:01:27.095+0000] {docker.py:374} WARNING - Using remote engine or docker-in-docker and mounting temporary volume from host is not supported. Falling back to `mount_tmp_dir=False` mode. You can set `mount_tmp_dir` parameter to False to disable mounting and remove the warning
[2024-06-24T09:01:34.306+0000] {docker.py:436} INFO - [0m09:01:34  Running with dbt=1.8.2
[2024-06-24T09:01:35.160+0000] {docker.py:436} INFO - [0m09:01:35  Registered adapter: snowflake=1.8.3
[2024-06-24T09:01:35.435+0000] {docker.py:436} INFO - [0m09:01:35  Unable to do partial parsing because of a version mismatch
[2024-06-24T09:01:38.931+0000] {docker.py:436} INFO - [0m09:01:38  [[33mWARNING[0m]: Deprecated functionality
The `tests` config has been renamed to `data_tests`. Please see
https://docs.getdbt.com/docs/build/data-tests#new-data_tests-syntax for more
information.
[2024-06-24T09:01:39.706+0000] {docker.py:436} INFO - [0m09:01:39  Found 5 models, 9 data tests, 2 sources, 561 macros
[2024-06-24T09:01:39.710+0000] {docker.py:436} INFO - [0m09:01:39
[2024-06-24T09:01:42.605+0000] {docker.py:436} INFO - [0m09:01:42  Concurrency: 1 threads (target='dev')
[2024-06-24T09:01:42.608+0000] {docker.py:436} INFO - [0m09:01:42
[2024-06-24T09:01:42.626+0000] {docker.py:436} INFO - [0m09:01:42  1 of 5 START sql view model dbt_schema.stg_tpch_line_items ..................... [RUN]
[2024-06-24T09:01:43.513+0000] {docker.py:436} INFO - [0m09:01:43  1 of 5 OK created sql view model dbt_schema.stg_tpch_line_items ................ [[32mSUCCESS 1[0m in 0.88s]
[2024-06-24T09:01:43.517+0000] {docker.py:436} INFO - [0m09:01:43  2 of 5 START sql view model dbt_schema.stg_tpch_orders ......................... [RUN]
[2024-06-24T09:01:44.301+0000] {docker.py:436} INFO - [0m09:01:44  2 of 5 OK created sql view model dbt_schema.stg_tpch_orders .................... [[32mSUCCESS 1[0m in 0.78s]
[2024-06-24T09:01:44.308+0000] {docker.py:436} INFO - [0m09:01:44  3 of 5 START sql table model dbt_schema.int_order_items ........................ [RUN]
[2024-06-24T09:01:52.171+0000] {docker.py:436} INFO - [0m09:01:52  3 of 5 OK created sql table model dbt_schema.int_order_items ................... [[32mSUCCESS 1[0m in 7.86s]
[2024-06-24T09:01:52.177+0000] {docker.py:436} INFO - [0m09:01:52  4 of 5 START sql table model dbt_schema.int_order_items_summary ................ [RUN]
[2024-06-24T09:01:53.822+0000] {docker.py:436} INFO - [0m09:01:53  4 of 5 OK created sql table model dbt_schema.int_order_items_summary ........... [[32mSUCCESS 1[0m in 1.64s]
[2024-06-24T09:01:53.825+0000] {docker.py:436} INFO - [0m09:01:53  5 of 5 START sql table model dbt_schema.fct_orders ............................. [RUN]
[2024-06-24T09:01:56.754+0000] {docker.py:436} INFO - [0m09:01:56  5 of 5 OK created sql table model dbt_schema.fct_orders ........................ [[32mSUCCESS 1[0m in 2.91s]
[2024-06-24T09:01:56.767+0000] {docker.py:436} INFO - [0m09:01:56
[2024-06-24T09:01:56.768+0000] {docker.py:436} INFO - [0m09:01:56  Finished running 2 view models, 3 table models in 0 hours 0 minutes and 17.06 seconds (17.06s).
[2024-06-24T09:01:56.908+0000] {docker.py:436} INFO - [0m09:01:56
[2024-06-24T09:01:56.909+0000] {docker.py:436} INFO - [0m09:01:56  [32mCompleted successfully[0m
[2024-06-24T09:01:56.913+0000] {docker.py:436} INFO - [0m09:01:56
[2024-06-24T09:01:56.915+0000] {docker.py:436} INFO - [0m09:01:56  Done. PASS=5 WARN=0 ERROR=0 SKIP=0 TOTAL=5
[2024-06-24T09:01:59.463+0000] {taskinstance.py:441} INFO - ::group::Post task execution logs
[2024-06-24T09:01:59.553+0000] {taskinstance.py:1206} INFO - Marking task as SUCCESS. dag_id=dbt_snowflake_v3, task_id=dbt_run, run_id=manual__2024-06-24T09:00:37.886762+00:00, execution_date=20240624T090037, start_date=20240624T090039, end_date=20240624T090159
[2024-06-24T09:01:59.633+0000] {local_task_job_runner.py:240} INFO - Task exited with return code 0
[2024-06-24T09:01:59.691+0000] {taskinstance.py:3503} INFO - 0 downstream tasks scheduled from follow-on schedule check
[2024-06-24T09:01:59.694+0000] {local_task_job_runner.py:222} INFO - ::endgroup::
