[2024-06-25T09:05:07.845+0000] {local_task_job_runner.py:120} INFO - ::group::Pre task execution logs
[2024-06-25T09:05:07.919+0000] {taskinstance.py:2076} INFO - Dependencies all met for dep_context=non-requeueable deps ti=<TaskInstance: dbt_snowflake_v6.dbt_run manual__2024-06-25T09:05:06.726178+00:00 [queued]>
[2024-06-25T09:05:07.937+0000] {taskinstance.py:2076} INFO - Dependencies all met for dep_context=requeueable deps ti=<TaskInstance: dbt_snowflake_v6.dbt_run manual__2024-06-25T09:05:06.726178+00:00 [queued]>
[2024-06-25T09:05:07.938+0000] {taskinstance.py:2306} INFO - Starting attempt 1 of 2
[2024-06-25T09:05:07.963+0000] {taskinstance.py:2330} INFO - Executing <Task(DockerOperator): dbt_run> on 2024-06-25 09:05:06.726178+00:00
[2024-06-25T09:05:07.977+0000] {standard_task_runner.py:90} INFO - Running: ['***', 'tasks', 'run', 'dbt_snowflake_v6', 'dbt_run', 'manual__2024-06-25T09:05:06.726178+00:00', '--job-id', '29', '--raw', '--subdir', 'DAGS_FOLDER/first_dag.py', '--cfg-path', '/tmp/tmpog5es9_e']
[2024-06-25T09:05:07.983+0000] {standard_task_runner.py:91} INFO - Job 29: Subtask dbt_run
[2024-06-25T09:05:07.986+0000] {logging_mixin.py:188} WARNING - /home/***/.local/lib/python3.12/site-packages/***/task/task_runner/standard_task_runner.py:61 DeprecationWarning: This process (pid=1655) is multi-threaded, use of fork() may lead to deadlocks in the child.
[2024-06-25T09:05:07.988+0000] {standard_task_runner.py:63} INFO - Started process 1656 to run task
[2024-06-25T09:05:08.073+0000] {task_command.py:426} INFO - Running <TaskInstance: dbt_snowflake_v6.dbt_run manual__2024-06-25T09:05:06.726178+00:00 [running]> on host 40877dbc4b09
[2024-06-25T09:05:08.232+0000] {taskinstance.py:2648} INFO - Exporting env vars: AIRFLOW_CTX_DAG_OWNER='***' AIRFLOW_CTX_DAG_ID='dbt_snowflake_v6' AIRFLOW_CTX_TASK_ID='dbt_run' AIRFLOW_CTX_EXECUTION_DATE='2024-06-25T09:05:06.726178+00:00' AIRFLOW_CTX_TRY_NUMBER='1' AIRFLOW_CTX_DAG_RUN_ID='manual__2024-06-25T09:05:06.726178+00:00'
[2024-06-25T09:05:08.234+0000] {taskinstance.py:430} INFO - ::endgroup::
[2024-06-25T09:05:08.295+0000] {docker.py:366} INFO - Starting docker container from image ghcr.io/dbt-labs/dbt-snowflake:latest
[2024-06-25T09:05:08.301+0000] {docker.py:374} WARNING - Using remote engine or docker-in-docker and mounting temporary volume from host is not supported. Falling back to `mount_tmp_dir=False` mode. You can set `mount_tmp_dir` parameter to False to disable mounting and remove the warning
[2024-06-25T09:05:12.337+0000] {docker.py:436} INFO - [0m09:05:12  Running with dbt=1.8.2
[2024-06-25T09:05:13.201+0000] {docker.py:436} INFO - [0m09:05:13  Registered adapter: snowflake=1.8.3
[2024-06-25T09:05:13.565+0000] {docker.py:436} INFO - [0m09:05:13  Unable to do partial parsing because of a version mismatch
[2024-06-25T09:05:16.987+0000] {docker.py:436} INFO - [0m09:05:16  [[33mWARNING[0m]: Deprecated functionality
The `tests` config has been renamed to `data_tests`. Please see
https://docs.getdbt.com/docs/build/data-tests#new-data_tests-syntax for more
information.
[2024-06-25T09:05:17.776+0000] {docker.py:436} INFO - [0m09:05:17  Found 5 models, 9 data tests, 2 sources, 561 macros
[2024-06-25T09:05:17.783+0000] {docker.py:436} INFO - [0m09:05:17
[2024-06-25T09:05:20.420+0000] {docker.py:436} INFO - [0m09:05:20  Concurrency: 1 threads (target='dev')
[2024-06-25T09:05:20.421+0000] {docker.py:436} INFO - [0m09:05:20
[2024-06-25T09:05:20.444+0000] {docker.py:436} INFO - [0m09:05:20  1 of 5 START sql view model dbt_schema.stg_tpch_line_items ..................... [RUN]
[2024-06-25T09:05:21.407+0000] {docker.py:436} INFO - [0m09:05:21  1 of 5 OK created sql view model dbt_schema.stg_tpch_line_items ................ [[32mSUCCESS 1[0m in 0.96s]
[2024-06-25T09:05:21.410+0000] {docker.py:436} INFO - [0m09:05:21  2 of 5 START sql view model dbt_schema.stg_tpch_orders ......................... [RUN]
[2024-06-25T09:05:22.256+0000] {docker.py:436} INFO - [0m09:05:22  2 of 5 OK created sql view model dbt_schema.stg_tpch_orders .................... [[32mSUCCESS 1[0m in 0.84s]
[2024-06-25T09:05:22.261+0000] {docker.py:436} INFO - [0m09:05:22  3 of 5 START sql table model dbt_schema.int_order_items ........................ [RUN]
[2024-06-25T09:05:31.413+0000] {docker.py:436} INFO - [0m09:05:31  3 of 5 OK created sql table model dbt_schema.int_order_items ................... [[32mSUCCESS 1[0m in 9.15s]
[2024-06-25T09:05:31.417+0000] {docker.py:436} INFO - [0m09:05:31  4 of 5 START sql table model dbt_schema.int_order_items_summary ................ [RUN]
[2024-06-25T09:05:33.226+0000] {docker.py:436} INFO - [0m09:05:33  4 of 5 OK created sql table model dbt_schema.int_order_items_summary ........... [[32mSUCCESS 1[0m in 1.80s]
[2024-06-25T09:05:33.231+0000] {docker.py:436} INFO - [0m09:05:33  5 of 5 START sql table model dbt_schema.fct_orders ............................. [RUN]
[2024-06-25T09:05:35.337+0000] {docker.py:436} INFO - [0m09:05:35  5 of 5 OK created sql table model dbt_schema.fct_orders ........................ [[32mSUCCESS 1[0m in 2.10s]
[2024-06-25T09:05:35.346+0000] {docker.py:436} INFO - [0m09:05:35
[2024-06-25T09:05:35.347+0000] {docker.py:436} INFO - [0m09:05:35  Finished running 2 view models, 3 table models in 0 hours 0 minutes and 17.56 seconds (17.56s).
[2024-06-25T09:05:35.423+0000] {docker.py:436} INFO - [0m09:05:35
[2024-06-25T09:05:35.424+0000] {docker.py:436} INFO - [0m09:05:35  [32mCompleted successfully[0m
[2024-06-25T09:05:35.425+0000] {docker.py:436} INFO - [0m09:05:35
[2024-06-25T09:05:35.426+0000] {docker.py:436} INFO - [0m09:05:35  Done. PASS=5 WARN=0 ERROR=0 SKIP=0 TOTAL=5
[2024-06-25T09:05:39.157+0000] {taskinstance.py:441} INFO - ::group::Post task execution logs
[2024-06-25T09:05:39.199+0000] {taskinstance.py:1206} INFO - Marking task as SUCCESS. dag_id=dbt_snowflake_v6, task_id=dbt_run, run_id=manual__2024-06-25T09:05:06.726178+00:00, execution_date=20240625T090506, start_date=20240625T090507, end_date=20240625T090539
[2024-06-25T09:05:39.270+0000] {local_task_job_runner.py:240} INFO - Task exited with return code 0
[2024-06-25T09:05:39.342+0000] {taskinstance.py:3503} INFO - 1 downstream tasks scheduled from follow-on schedule check
[2024-06-25T09:05:39.345+0000] {local_task_job_runner.py:222} INFO - ::endgroup::
