[2024-06-24T06:51:23.330+0000] {processor.py:161} INFO - Started process (PID=227) to work on /home/airflow/.local/lib/python3.12/site-packages/airflow/example_dags/example_short_circuit_operator.py
[2024-06-24T06:51:23.331+0000] {processor.py:830} INFO - Processing file /home/airflow/.local/lib/python3.12/site-packages/airflow/example_dags/example_short_circuit_operator.py for tasks to queue
[2024-06-24T06:51:23.334+0000] {logging_mixin.py:188} INFO - [2024-06-24T06:51:23.334+0000] {dagbag.py:545} INFO - Filling up the DagBag from /home/airflow/.local/lib/python3.12/site-packages/airflow/example_dags/example_short_circuit_operator.py
[2024-06-24T06:51:23.359+0000] {processor.py:840} INFO - DAG(s) 'example_short_circuit_operator' retrieved from /home/airflow/.local/lib/python3.12/site-packages/airflow/example_dags/example_short_circuit_operator.py
[2024-06-24T06:51:23.631+0000] {logging_mixin.py:188} INFO - [2024-06-24T06:51:23.630+0000] {dag.py:3096} INFO - Sync 1 DAGs
[2024-06-24T06:51:23.689+0000] {logging_mixin.py:188} INFO - [2024-06-24T06:51:23.689+0000] {dag.py:3954} INFO - Setting next_dagrun for example_short_circuit_operator to 2024-06-23 00:00:00+00:00, run_after=2024-06-24 00:00:00+00:00
[2024-06-24T06:51:23.735+0000] {processor.py:183} INFO - Processing /home/airflow/.local/lib/python3.12/site-packages/airflow/example_dags/example_short_circuit_operator.py took 0.418 seconds
[2024-06-24T06:51:54.121+0000] {processor.py:161} INFO - Started process (PID=488) to work on /home/airflow/.local/lib/python3.12/site-packages/airflow/example_dags/example_short_circuit_operator.py
[2024-06-24T06:51:54.133+0000] {processor.py:830} INFO - Processing file /home/airflow/.local/lib/python3.12/site-packages/airflow/example_dags/example_short_circuit_operator.py for tasks to queue
[2024-06-24T06:51:54.137+0000] {logging_mixin.py:188} INFO - [2024-06-24T06:51:54.136+0000] {dagbag.py:545} INFO - Filling up the DagBag from /home/airflow/.local/lib/python3.12/site-packages/airflow/example_dags/example_short_circuit_operator.py
[2024-06-24T06:51:54.162+0000] {processor.py:840} INFO - DAG(s) 'example_short_circuit_operator' retrieved from /home/airflow/.local/lib/python3.12/site-packages/airflow/example_dags/example_short_circuit_operator.py
[2024-06-24T06:51:54.267+0000] {logging_mixin.py:188} INFO - [2024-06-24T06:51:54.266+0000] {dag.py:3096} INFO - Sync 1 DAGs
[2024-06-24T06:51:54.371+0000] {logging_mixin.py:188} INFO - [2024-06-24T06:51:54.371+0000] {dag.py:3954} INFO - Setting next_dagrun for example_short_circuit_operator to 2024-06-23 00:00:00+00:00, run_after=2024-06-24 00:00:00+00:00
[2024-06-24T06:51:54.517+0000] {processor.py:183} INFO - Processing /home/airflow/.local/lib/python3.12/site-packages/airflow/example_dags/example_short_circuit_operator.py took 0.417 seconds
[2024-06-24T06:52:25.152+0000] {processor.py:161} INFO - Started process (PID=748) to work on /home/airflow/.local/lib/python3.12/site-packages/airflow/example_dags/example_short_circuit_operator.py
[2024-06-24T06:52:25.153+0000] {processor.py:830} INFO - Processing file /home/airflow/.local/lib/python3.12/site-packages/airflow/example_dags/example_short_circuit_operator.py for tasks to queue
[2024-06-24T06:52:25.159+0000] {logging_mixin.py:188} INFO - [2024-06-24T06:52:25.158+0000] {dagbag.py:545} INFO - Filling up the DagBag from /home/airflow/.local/lib/python3.12/site-packages/airflow/example_dags/example_short_circuit_operator.py
[2024-06-24T06:52:25.177+0000] {processor.py:840} INFO - DAG(s) 'example_short_circuit_operator' retrieved from /home/airflow/.local/lib/python3.12/site-packages/airflow/example_dags/example_short_circuit_operator.py
[2024-06-24T06:52:25.317+0000] {logging_mixin.py:188} INFO - [2024-06-24T06:52:25.316+0000] {dag.py:3096} INFO - Sync 1 DAGs
[2024-06-24T06:52:25.437+0000] {logging_mixin.py:188} INFO - [2024-06-24T06:52:25.436+0000] {dag.py:3954} INFO - Setting next_dagrun for example_short_circuit_operator to 2024-06-23 00:00:00+00:00, run_after=2024-06-24 00:00:00+00:00
[2024-06-24T06:52:25.559+0000] {processor.py:183} INFO - Processing /home/airflow/.local/lib/python3.12/site-packages/airflow/example_dags/example_short_circuit_operator.py took 0.426 seconds
