[2024-06-24T06:51:24.988+0000] {processor.py:161} INFO - Started process (PID=255) to work on /home/airflow/.local/lib/python3.12/site-packages/airflow/example_dags/example_dag_decorator.py
[2024-06-24T06:51:24.994+0000] {processor.py:830} INFO - Processing file /home/airflow/.local/lib/python3.12/site-packages/airflow/example_dags/example_dag_decorator.py for tasks to queue
[2024-06-24T06:51:25.009+0000] {logging_mixin.py:188} INFO - [2024-06-24T06:51:25.008+0000] {dagbag.py:545} INFO - Filling up the DagBag from /home/airflow/.local/lib/python3.12/site-packages/airflow/example_dags/example_dag_decorator.py
[2024-06-24T06:51:26.694+0000] {processor.py:840} INFO - DAG(s) 'example_dag_decorator' retrieved from /home/airflow/.local/lib/python3.12/site-packages/airflow/example_dags/example_dag_decorator.py
[2024-06-24T06:51:27.150+0000] {logging_mixin.py:188} INFO - [2024-06-24T06:51:27.149+0000] {dag.py:3096} INFO - Sync 1 DAGs
[2024-06-24T06:51:27.185+0000] {logging_mixin.py:188} INFO - [2024-06-24T06:51:27.185+0000] {dag.py:3954} INFO - Setting next_dagrun for example_dag_decorator to None, run_after=None
[2024-06-24T06:51:27.253+0000] {processor.py:183} INFO - Processing /home/airflow/.local/lib/python3.12/site-packages/airflow/example_dags/example_dag_decorator.py took 2.314 seconds
[2024-06-24T06:51:58.247+0000] {processor.py:161} INFO - Started process (PID=528) to work on /home/airflow/.local/lib/python3.12/site-packages/airflow/example_dags/example_dag_decorator.py
[2024-06-24T06:51:58.253+0000] {processor.py:830} INFO - Processing file /home/airflow/.local/lib/python3.12/site-packages/airflow/example_dags/example_dag_decorator.py for tasks to queue
[2024-06-24T06:51:58.259+0000] {logging_mixin.py:188} INFO - [2024-06-24T06:51:58.256+0000] {dagbag.py:545} INFO - Filling up the DagBag from /home/airflow/.local/lib/python3.12/site-packages/airflow/example_dags/example_dag_decorator.py
[2024-06-24T06:51:58.483+0000] {processor.py:840} INFO - DAG(s) 'example_dag_decorator' retrieved from /home/airflow/.local/lib/python3.12/site-packages/airflow/example_dags/example_dag_decorator.py
[2024-06-24T06:51:58.699+0000] {logging_mixin.py:188} INFO - [2024-06-24T06:51:58.699+0000] {dag.py:3096} INFO - Sync 1 DAGs
[2024-06-24T06:51:58.719+0000] {logging_mixin.py:188} INFO - [2024-06-24T06:51:58.719+0000] {dag.py:3954} INFO - Setting next_dagrun for example_dag_decorator to None, run_after=None
[2024-06-24T06:51:58.768+0000] {processor.py:183} INFO - Processing /home/airflow/.local/lib/python3.12/site-packages/airflow/example_dags/example_dag_decorator.py took 0.534 seconds
[2024-06-24T06:52:29.125+0000] {processor.py:161} INFO - Started process (PID=790) to work on /home/airflow/.local/lib/python3.12/site-packages/airflow/example_dags/example_dag_decorator.py
[2024-06-24T06:52:29.126+0000] {processor.py:830} INFO - Processing file /home/airflow/.local/lib/python3.12/site-packages/airflow/example_dags/example_dag_decorator.py for tasks to queue
[2024-06-24T06:52:29.129+0000] {logging_mixin.py:188} INFO - [2024-06-24T06:52:29.129+0000] {dagbag.py:545} INFO - Filling up the DagBag from /home/airflow/.local/lib/python3.12/site-packages/airflow/example_dags/example_dag_decorator.py
[2024-06-24T06:52:29.489+0000] {processor.py:840} INFO - DAG(s) 'example_dag_decorator' retrieved from /home/airflow/.local/lib/python3.12/site-packages/airflow/example_dags/example_dag_decorator.py
[2024-06-24T06:52:29.733+0000] {logging_mixin.py:188} INFO - [2024-06-24T06:52:29.733+0000] {dag.py:3096} INFO - Sync 1 DAGs
[2024-06-24T06:52:29.756+0000] {logging_mixin.py:188} INFO - [2024-06-24T06:52:29.756+0000] {dag.py:3954} INFO - Setting next_dagrun for example_dag_decorator to None, run_after=None
[2024-06-24T06:52:29.785+0000] {processor.py:183} INFO - Processing /home/airflow/.local/lib/python3.12/site-packages/airflow/example_dags/example_dag_decorator.py took 0.669 seconds
