[2024-06-24T06:51:36.845+0000] {processor.py:161} INFO - Started process (PID=385) to work on /home/airflow/.local/lib/python3.12/site-packages/airflow/example_dags/example_skip_dag.py
[2024-06-24T06:51:36.847+0000] {processor.py:830} INFO - Processing file /home/airflow/.local/lib/python3.12/site-packages/airflow/example_dags/example_skip_dag.py for tasks to queue
[2024-06-24T06:51:36.851+0000] {logging_mixin.py:188} INFO - [2024-06-24T06:51:36.850+0000] {dagbag.py:545} INFO - Filling up the DagBag from /home/airflow/.local/lib/python3.12/site-packages/airflow/example_dags/example_skip_dag.py
[2024-06-24T06:51:36.870+0000] {processor.py:840} INFO - DAG(s) 'example_skip_dag' retrieved from /home/airflow/.local/lib/python3.12/site-packages/airflow/example_dags/example_skip_dag.py
[2024-06-24T06:51:37.618+0000] {logging_mixin.py:188} INFO - [2024-06-24T06:51:37.617+0000] {dag.py:3096} INFO - Sync 1 DAGs
[2024-06-24T06:51:37.707+0000] {logging_mixin.py:188} INFO - [2024-06-24T06:51:37.707+0000] {dag.py:3954} INFO - Setting next_dagrun for example_skip_dag to 2024-06-23 00:00:00+00:00, run_after=2024-06-24 00:00:00+00:00
[2024-06-24T06:51:37.791+0000] {processor.py:183} INFO - Processing /home/airflow/.local/lib/python3.12/site-packages/airflow/example_dags/example_skip_dag.py took 0.973 seconds
[2024-06-24T06:52:08.594+0000] {processor.py:161} INFO - Started process (PID=649) to work on /home/airflow/.local/lib/python3.12/site-packages/airflow/example_dags/example_skip_dag.py
[2024-06-24T06:52:08.596+0000] {processor.py:830} INFO - Processing file /home/airflow/.local/lib/python3.12/site-packages/airflow/example_dags/example_skip_dag.py for tasks to queue
[2024-06-24T06:52:08.599+0000] {logging_mixin.py:188} INFO - [2024-06-24T06:52:08.599+0000] {dagbag.py:545} INFO - Filling up the DagBag from /home/airflow/.local/lib/python3.12/site-packages/airflow/example_dags/example_skip_dag.py
[2024-06-24T06:52:08.612+0000] {processor.py:840} INFO - DAG(s) 'example_skip_dag' retrieved from /home/airflow/.local/lib/python3.12/site-packages/airflow/example_dags/example_skip_dag.py
[2024-06-24T06:52:08.667+0000] {logging_mixin.py:188} INFO - [2024-06-24T06:52:08.667+0000] {dag.py:3096} INFO - Sync 1 DAGs
[2024-06-24T06:52:08.724+0000] {logging_mixin.py:188} INFO - [2024-06-24T06:52:08.723+0000] {dag.py:3954} INFO - Setting next_dagrun for example_skip_dag to 2024-06-23 00:00:00+00:00, run_after=2024-06-24 00:00:00+00:00
[2024-06-24T06:52:08.755+0000] {processor.py:183} INFO - Processing /home/airflow/.local/lib/python3.12/site-packages/airflow/example_dags/example_skip_dag.py took 0.173 seconds
[2024-06-24T06:52:39.163+0000] {processor.py:161} INFO - Started process (PID=911) to work on /home/airflow/.local/lib/python3.12/site-packages/airflow/example_dags/example_skip_dag.py
[2024-06-24T06:52:39.165+0000] {processor.py:830} INFO - Processing file /home/airflow/.local/lib/python3.12/site-packages/airflow/example_dags/example_skip_dag.py for tasks to queue
[2024-06-24T06:52:39.169+0000] {logging_mixin.py:188} INFO - [2024-06-24T06:52:39.168+0000] {dagbag.py:545} INFO - Filling up the DagBag from /home/airflow/.local/lib/python3.12/site-packages/airflow/example_dags/example_skip_dag.py
[2024-06-24T06:52:39.180+0000] {processor.py:840} INFO - DAG(s) 'example_skip_dag' retrieved from /home/airflow/.local/lib/python3.12/site-packages/airflow/example_dags/example_skip_dag.py
[2024-06-24T06:52:39.226+0000] {logging_mixin.py:188} INFO - [2024-06-24T06:52:39.225+0000] {dag.py:3096} INFO - Sync 1 DAGs
[2024-06-24T06:52:39.280+0000] {logging_mixin.py:188} INFO - [2024-06-24T06:52:39.280+0000] {dag.py:3954} INFO - Setting next_dagrun for example_skip_dag to 2024-06-23 00:00:00+00:00, run_after=2024-06-24 00:00:00+00:00
[2024-06-24T06:52:39.322+0000] {processor.py:183} INFO - Processing /home/airflow/.local/lib/python3.12/site-packages/airflow/example_dags/example_skip_dag.py took 0.170 seconds
