[2024-06-24T06:51:24.261+0000] {processor.py:161} INFO - Started process (PID=242) to work on /home/airflow/.local/lib/python3.12/site-packages/airflow/example_dags/example_params_trigger_ui.py
[2024-06-24T06:51:24.263+0000] {processor.py:830} INFO - Processing file /home/airflow/.local/lib/python3.12/site-packages/airflow/example_dags/example_params_trigger_ui.py for tasks to queue
[2024-06-24T06:51:24.266+0000] {logging_mixin.py:188} INFO - [2024-06-24T06:51:24.266+0000] {dagbag.py:545} INFO - Filling up the DagBag from /home/airflow/.local/lib/python3.12/site-packages/airflow/example_dags/example_params_trigger_ui.py
[2024-06-24T06:51:24.302+0000] {processor.py:840} INFO - DAG(s) 'example_params_trigger_ui' retrieved from /home/airflow/.local/lib/python3.12/site-packages/airflow/example_dags/example_params_trigger_ui.py
[2024-06-24T06:51:24.724+0000] {logging_mixin.py:188} INFO - [2024-06-24T06:51:24.723+0000] {dag.py:3096} INFO - Sync 1 DAGs
[2024-06-24T06:51:24.780+0000] {logging_mixin.py:188} INFO - [2024-06-24T06:51:24.779+0000] {dag.py:3954} INFO - Setting next_dagrun for example_params_trigger_ui to None, run_after=None
[2024-06-24T06:51:24.842+0000] {processor.py:183} INFO - Processing /home/airflow/.local/lib/python3.12/site-packages/airflow/example_dags/example_params_trigger_ui.py took 0.593 seconds
[2024-06-24T06:51:55.620+0000] {processor.py:161} INFO - Started process (PID=503) to work on /home/airflow/.local/lib/python3.12/site-packages/airflow/example_dags/example_params_trigger_ui.py
[2024-06-24T06:51:55.622+0000] {processor.py:830} INFO - Processing file /home/airflow/.local/lib/python3.12/site-packages/airflow/example_dags/example_params_trigger_ui.py for tasks to queue
[2024-06-24T06:51:55.624+0000] {logging_mixin.py:188} INFO - [2024-06-24T06:51:55.624+0000] {dagbag.py:545} INFO - Filling up the DagBag from /home/airflow/.local/lib/python3.12/site-packages/airflow/example_dags/example_params_trigger_ui.py
[2024-06-24T06:51:55.654+0000] {processor.py:840} INFO - DAG(s) 'example_params_trigger_ui' retrieved from /home/airflow/.local/lib/python3.12/site-packages/airflow/example_dags/example_params_trigger_ui.py
[2024-06-24T06:51:55.810+0000] {logging_mixin.py:188} INFO - [2024-06-24T06:51:55.810+0000] {dag.py:3096} INFO - Sync 1 DAGs
[2024-06-24T06:51:55.846+0000] {logging_mixin.py:188} INFO - [2024-06-24T06:51:55.846+0000] {dag.py:3954} INFO - Setting next_dagrun for example_params_trigger_ui to None, run_after=None
[2024-06-24T06:51:55.893+0000] {processor.py:183} INFO - Processing /home/airflow/.local/lib/python3.12/site-packages/airflow/example_dags/example_params_trigger_ui.py took 0.284 seconds
[2024-06-24T06:52:26.276+0000] {processor.py:161} INFO - Started process (PID=768) to work on /home/airflow/.local/lib/python3.12/site-packages/airflow/example_dags/example_params_trigger_ui.py
[2024-06-24T06:52:26.277+0000] {processor.py:830} INFO - Processing file /home/airflow/.local/lib/python3.12/site-packages/airflow/example_dags/example_params_trigger_ui.py for tasks to queue
[2024-06-24T06:52:26.282+0000] {logging_mixin.py:188} INFO - [2024-06-24T06:52:26.281+0000] {dagbag.py:545} INFO - Filling up the DagBag from /home/airflow/.local/lib/python3.12/site-packages/airflow/example_dags/example_params_trigger_ui.py
[2024-06-24T06:52:26.321+0000] {processor.py:840} INFO - DAG(s) 'example_params_trigger_ui' retrieved from /home/airflow/.local/lib/python3.12/site-packages/airflow/example_dags/example_params_trigger_ui.py
[2024-06-24T06:52:26.520+0000] {logging_mixin.py:188} INFO - [2024-06-24T06:52:26.520+0000] {dag.py:3096} INFO - Sync 1 DAGs
[2024-06-24T06:52:26.552+0000] {logging_mixin.py:188} INFO - [2024-06-24T06:52:26.552+0000] {dag.py:3954} INFO - Setting next_dagrun for example_params_trigger_ui to None, run_after=None
[2024-06-24T06:52:26.598+0000] {processor.py:183} INFO - Processing /home/airflow/.local/lib/python3.12/site-packages/airflow/example_dags/example_params_trigger_ui.py took 0.336 seconds
