[2024-06-24T06:51:19.063+0000] {processor.py:161} INFO - Started process (PID=180) to work on /home/airflow/.local/lib/python3.12/site-packages/airflow/example_dags/example_kubernetes_executor.py
[2024-06-24T06:51:19.065+0000] {processor.py:830} INFO - Processing file /home/airflow/.local/lib/python3.12/site-packages/airflow/example_dags/example_kubernetes_executor.py for tasks to queue
[2024-06-24T06:51:19.069+0000] {logging_mixin.py:188} INFO - [2024-06-24T06:51:19.068+0000] {dagbag.py:545} INFO - Filling up the DagBag from /home/airflow/.local/lib/python3.12/site-packages/airflow/example_dags/example_kubernetes_executor.py
[2024-06-24T06:51:19.151+0000] {processor.py:840} INFO - DAG(s) 'example_kubernetes_executor' retrieved from /home/airflow/.local/lib/python3.12/site-packages/airflow/example_dags/example_kubernetes_executor.py
[2024-06-24T06:51:20.018+0000] {logging_mixin.py:188} INFO - [2024-06-24T06:51:20.017+0000] {dag.py:3096} INFO - Sync 1 DAGs
[2024-06-24T06:51:20.107+0000] {logging_mixin.py:188} INFO - [2024-06-24T06:51:20.104+0000] {dag.py:3954} INFO - Setting next_dagrun for example_kubernetes_executor to None, run_after=None
[2024-06-24T06:51:20.298+0000] {processor.py:183} INFO - Processing /home/airflow/.local/lib/python3.12/site-packages/airflow/example_dags/example_kubernetes_executor.py took 1.251 seconds
[2024-06-24T06:51:50.598+0000] {processor.py:161} INFO - Started process (PID=443) to work on /home/airflow/.local/lib/python3.12/site-packages/airflow/example_dags/example_kubernetes_executor.py
[2024-06-24T06:51:50.600+0000] {processor.py:830} INFO - Processing file /home/airflow/.local/lib/python3.12/site-packages/airflow/example_dags/example_kubernetes_executor.py for tasks to queue
[2024-06-24T06:51:50.604+0000] {logging_mixin.py:188} INFO - [2024-06-24T06:51:50.603+0000] {dagbag.py:545} INFO - Filling up the DagBag from /home/airflow/.local/lib/python3.12/site-packages/airflow/example_dags/example_kubernetes_executor.py
[2024-06-24T06:51:50.633+0000] {processor.py:840} INFO - DAG(s) 'example_kubernetes_executor' retrieved from /home/airflow/.local/lib/python3.12/site-packages/airflow/example_dags/example_kubernetes_executor.py
[2024-06-24T06:51:50.756+0000] {logging_mixin.py:188} INFO - [2024-06-24T06:51:50.755+0000] {dag.py:3096} INFO - Sync 1 DAGs
[2024-06-24T06:51:50.810+0000] {logging_mixin.py:188} INFO - [2024-06-24T06:51:50.810+0000] {dag.py:3954} INFO - Setting next_dagrun for example_kubernetes_executor to None, run_after=None
[2024-06-24T06:51:50.884+0000] {processor.py:183} INFO - Processing /home/airflow/.local/lib/python3.12/site-packages/airflow/example_dags/example_kubernetes_executor.py took 0.306 seconds
[2024-06-24T06:52:21.138+0000] {processor.py:161} INFO - Started process (PID=705) to work on /home/airflow/.local/lib/python3.12/site-packages/airflow/example_dags/example_kubernetes_executor.py
[2024-06-24T06:52:21.140+0000] {processor.py:830} INFO - Processing file /home/airflow/.local/lib/python3.12/site-packages/airflow/example_dags/example_kubernetes_executor.py for tasks to queue
[2024-06-24T06:52:21.143+0000] {logging_mixin.py:188} INFO - [2024-06-24T06:52:21.143+0000] {dagbag.py:545} INFO - Filling up the DagBag from /home/airflow/.local/lib/python3.12/site-packages/airflow/example_dags/example_kubernetes_executor.py
[2024-06-24T06:52:21.181+0000] {processor.py:840} INFO - DAG(s) 'example_kubernetes_executor' retrieved from /home/airflow/.local/lib/python3.12/site-packages/airflow/example_dags/example_kubernetes_executor.py
[2024-06-24T06:52:21.273+0000] {logging_mixin.py:188} INFO - [2024-06-24T06:52:21.273+0000] {dag.py:3096} INFO - Sync 1 DAGs
[2024-06-24T06:52:21.308+0000] {logging_mixin.py:188} INFO - [2024-06-24T06:52:21.307+0000] {dag.py:3954} INFO - Setting next_dagrun for example_kubernetes_executor to None, run_after=None
[2024-06-24T06:52:21.362+0000] {processor.py:183} INFO - Processing /home/airflow/.local/lib/python3.12/site-packages/airflow/example_dags/example_kubernetes_executor.py took 0.249 seconds
