[2024-06-24T06:51:18.980+0000] {processor.py:161} INFO - Started process (PID=175) to work on /home/airflow/.local/lib/python3.12/site-packages/airflow/example_dags/example_branch_labels.py
[2024-06-24T06:51:18.983+0000] {processor.py:830} INFO - Processing file /home/airflow/.local/lib/python3.12/site-packages/airflow/example_dags/example_branch_labels.py for tasks to queue
[2024-06-24T06:51:18.987+0000] {logging_mixin.py:188} INFO - [2024-06-24T06:51:18.986+0000] {dagbag.py:545} INFO - Filling up the DagBag from /home/airflow/.local/lib/python3.12/site-packages/airflow/example_dags/example_branch_labels.py
[2024-06-24T06:51:19.038+0000] {processor.py:840} INFO - DAG(s) 'example_branch_labels' retrieved from /home/airflow/.local/lib/python3.12/site-packages/airflow/example_dags/example_branch_labels.py
[2024-06-24T06:51:19.632+0000] {logging_mixin.py:188} INFO - [2024-06-24T06:51:19.631+0000] {dag.py:3096} INFO - Sync 1 DAGs
[2024-06-24T06:51:19.794+0000] {logging_mixin.py:188} INFO - [2024-06-24T06:51:19.792+0000] {dag.py:3954} INFO - Setting next_dagrun for example_branch_labels to 2024-06-23 00:00:00+00:00, run_after=2024-06-24 00:00:00+00:00
[2024-06-24T06:51:19.909+0000] {processor.py:183} INFO - Processing /home/airflow/.local/lib/python3.12/site-packages/airflow/example_dags/example_branch_labels.py took 0.967 seconds
[2024-06-24T06:51:50.136+0000] {processor.py:161} INFO - Started process (PID=438) to work on /home/airflow/.local/lib/python3.12/site-packages/airflow/example_dags/example_branch_labels.py
[2024-06-24T06:51:50.180+0000] {processor.py:830} INFO - Processing file /home/airflow/.local/lib/python3.12/site-packages/airflow/example_dags/example_branch_labels.py for tasks to queue
[2024-06-24T06:51:50.184+0000] {logging_mixin.py:188} INFO - [2024-06-24T06:51:50.183+0000] {dagbag.py:545} INFO - Filling up the DagBag from /home/airflow/.local/lib/python3.12/site-packages/airflow/example_dags/example_branch_labels.py
[2024-06-24T06:51:50.214+0000] {processor.py:840} INFO - DAG(s) 'example_branch_labels' retrieved from /home/airflow/.local/lib/python3.12/site-packages/airflow/example_dags/example_branch_labels.py
[2024-06-24T06:51:50.306+0000] {logging_mixin.py:188} INFO - [2024-06-24T06:51:50.306+0000] {dag.py:3096} INFO - Sync 1 DAGs
[2024-06-24T06:51:50.381+0000] {logging_mixin.py:188} INFO - [2024-06-24T06:51:50.380+0000] {dag.py:3954} INFO - Setting next_dagrun for example_branch_labels to 2024-06-23 00:00:00+00:00, run_after=2024-06-24 00:00:00+00:00
[2024-06-24T06:51:50.455+0000] {processor.py:183} INFO - Processing /home/airflow/.local/lib/python3.12/site-packages/airflow/example_dags/example_branch_labels.py took 0.351 seconds
[2024-06-24T06:52:20.815+0000] {processor.py:161} INFO - Started process (PID=698) to work on /home/airflow/.local/lib/python3.12/site-packages/airflow/example_dags/example_branch_labels.py
[2024-06-24T06:52:20.819+0000] {processor.py:830} INFO - Processing file /home/airflow/.local/lib/python3.12/site-packages/airflow/example_dags/example_branch_labels.py for tasks to queue
[2024-06-24T06:52:20.822+0000] {logging_mixin.py:188} INFO - [2024-06-24T06:52:20.822+0000] {dagbag.py:545} INFO - Filling up the DagBag from /home/airflow/.local/lib/python3.12/site-packages/airflow/example_dags/example_branch_labels.py
[2024-06-24T06:52:20.859+0000] {processor.py:840} INFO - DAG(s) 'example_branch_labels' retrieved from /home/airflow/.local/lib/python3.12/site-packages/airflow/example_dags/example_branch_labels.py
[2024-06-24T06:52:20.924+0000] {logging_mixin.py:188} INFO - [2024-06-24T06:52:20.923+0000] {dag.py:3096} INFO - Sync 1 DAGs
[2024-06-24T06:52:20.987+0000] {logging_mixin.py:188} INFO - [2024-06-24T06:52:20.986+0000] {dag.py:3954} INFO - Setting next_dagrun for example_branch_labels to 2024-06-23 00:00:00+00:00, run_after=2024-06-24 00:00:00+00:00
[2024-06-24T06:52:21.034+0000] {processor.py:183} INFO - Processing /home/airflow/.local/lib/python3.12/site-packages/airflow/example_dags/example_branch_labels.py took 0.236 seconds
