[2024-06-24T06:51:26.419+0000] {processor.py:161} INFO - Started process (PID=265) to work on /home/airflow/.local/lib/python3.12/site-packages/airflow/example_dags/example_branch_python_dop_operator_3.py
[2024-06-24T06:51:26.420+0000] {processor.py:830} INFO - Processing file /home/airflow/.local/lib/python3.12/site-packages/airflow/example_dags/example_branch_python_dop_operator_3.py for tasks to queue
[2024-06-24T06:51:26.428+0000] {logging_mixin.py:188} INFO - [2024-06-24T06:51:26.424+0000] {dagbag.py:545} INFO - Filling up the DagBag from /home/airflow/.local/lib/python3.12/site-packages/airflow/example_dags/example_branch_python_dop_operator_3.py
[2024-06-24T06:51:26.477+0000] {processor.py:840} INFO - DAG(s) 'example_branch_dop_operator_v3' retrieved from /home/airflow/.local/lib/python3.12/site-packages/airflow/example_dags/example_branch_python_dop_operator_3.py
[2024-06-24T06:51:26.843+0000] {logging_mixin.py:188} INFO - [2024-06-24T06:51:26.842+0000] {dag.py:3096} INFO - Sync 1 DAGs
[2024-06-24T06:51:26.920+0000] {logging_mixin.py:188} INFO - [2024-06-24T06:51:26.919+0000] {dag.py:3954} INFO - Setting next_dagrun for example_branch_dop_operator_v3 to 2024-06-24 06:50:00+00:00, run_after=2024-06-24 06:51:00+00:00
[2024-06-24T06:51:26.973+0000] {processor.py:183} INFO - Processing /home/airflow/.local/lib/python3.12/site-packages/airflow/example_dags/example_branch_python_dop_operator_3.py took 0.567 seconds
[2024-06-24T06:51:57.208+0000] {processor.py:161} INFO - Started process (PID=523) to work on /home/airflow/.local/lib/python3.12/site-packages/airflow/example_dags/example_branch_python_dop_operator_3.py
[2024-06-24T06:51:57.210+0000] {processor.py:830} INFO - Processing file /home/airflow/.local/lib/python3.12/site-packages/airflow/example_dags/example_branch_python_dop_operator_3.py for tasks to queue
[2024-06-24T06:51:57.212+0000] {logging_mixin.py:188} INFO - [2024-06-24T06:51:57.212+0000] {dagbag.py:545} INFO - Filling up the DagBag from /home/airflow/.local/lib/python3.12/site-packages/airflow/example_dags/example_branch_python_dop_operator_3.py
[2024-06-24T06:51:57.229+0000] {processor.py:840} INFO - DAG(s) 'example_branch_dop_operator_v3' retrieved from /home/airflow/.local/lib/python3.12/site-packages/airflow/example_dags/example_branch_python_dop_operator_3.py
[2024-06-24T06:51:57.271+0000] {logging_mixin.py:188} INFO - [2024-06-24T06:51:57.271+0000] {dag.py:3096} INFO - Sync 1 DAGs
[2024-06-24T06:51:57.314+0000] {logging_mixin.py:188} INFO - [2024-06-24T06:51:57.313+0000] {dag.py:3954} INFO - Setting next_dagrun for example_branch_dop_operator_v3 to 2024-06-24 06:50:00+00:00, run_after=2024-06-24 06:51:00+00:00
[2024-06-24T06:51:57.349+0000] {processor.py:183} INFO - Processing /home/airflow/.local/lib/python3.12/site-packages/airflow/example_dags/example_branch_python_dop_operator_3.py took 0.152 seconds
[2024-06-24T06:52:27.753+0000] {processor.py:161} INFO - Started process (PID=785) to work on /home/airflow/.local/lib/python3.12/site-packages/airflow/example_dags/example_branch_python_dop_operator_3.py
[2024-06-24T06:52:27.755+0000] {processor.py:830} INFO - Processing file /home/airflow/.local/lib/python3.12/site-packages/airflow/example_dags/example_branch_python_dop_operator_3.py for tasks to queue
[2024-06-24T06:52:27.758+0000] {logging_mixin.py:188} INFO - [2024-06-24T06:52:27.758+0000] {dagbag.py:545} INFO - Filling up the DagBag from /home/airflow/.local/lib/python3.12/site-packages/airflow/example_dags/example_branch_python_dop_operator_3.py
[2024-06-24T06:52:27.811+0000] {processor.py:840} INFO - DAG(s) 'example_branch_dop_operator_v3' retrieved from /home/airflow/.local/lib/python3.12/site-packages/airflow/example_dags/example_branch_python_dop_operator_3.py
[2024-06-24T06:52:27.888+0000] {logging_mixin.py:188} INFO - [2024-06-24T06:52:27.888+0000] {dag.py:3096} INFO - Sync 1 DAGs
[2024-06-24T06:52:27.963+0000] {logging_mixin.py:188} INFO - [2024-06-24T06:52:27.963+0000] {dag.py:3954} INFO - Setting next_dagrun for example_branch_dop_operator_v3 to 2024-06-24 06:51:00+00:00, run_after=2024-06-24 06:52:00+00:00
[2024-06-24T06:52:28.040+0000] {processor.py:183} INFO - Processing /home/airflow/.local/lib/python3.12/site-packages/airflow/example_dags/example_branch_python_dop_operator_3.py took 0.336 seconds
