[2024-06-24T06:51:37.889+0000] {processor.py:161} INFO - Started process (PID=395) to work on /home/airflow/.local/lib/python3.12/site-packages/airflow/example_dags/example_python_decorator.py
[2024-06-24T06:51:37.891+0000] {processor.py:830} INFO - Processing file /home/airflow/.local/lib/python3.12/site-packages/airflow/example_dags/example_python_decorator.py for tasks to queue
[2024-06-24T06:51:37.899+0000] {logging_mixin.py:188} INFO - [2024-06-24T06:51:37.898+0000] {dagbag.py:545} INFO - Filling up the DagBag from /home/airflow/.local/lib/python3.12/site-packages/airflow/example_dags/example_python_decorator.py
[2024-06-24T06:51:37.979+0000] {processor.py:840} INFO - DAG(s) 'example_python_decorator' retrieved from /home/airflow/.local/lib/python3.12/site-packages/airflow/example_dags/example_python_decorator.py
[2024-06-24T06:51:38.684+0000] {logging_mixin.py:188} INFO - [2024-06-24T06:51:38.683+0000] {dag.py:3096} INFO - Sync 1 DAGs
[2024-06-24T06:51:38.712+0000] {logging_mixin.py:188} INFO - [2024-06-24T06:51:38.712+0000] {dag.py:3954} INFO - Setting next_dagrun for example_python_decorator to None, run_after=None
[2024-06-24T06:51:38.812+0000] {processor.py:183} INFO - Processing /home/airflow/.local/lib/python3.12/site-packages/airflow/example_dags/example_python_decorator.py took 0.966 seconds
[2024-06-24T06:52:09.000+0000] {processor.py:161} INFO - Started process (PID=669) to work on /home/airflow/.local/lib/python3.12/site-packages/airflow/example_dags/example_python_decorator.py
[2024-06-24T06:52:09.003+0000] {processor.py:830} INFO - Processing file /home/airflow/.local/lib/python3.12/site-packages/airflow/example_dags/example_python_decorator.py for tasks to queue
[2024-06-24T06:52:09.006+0000] {logging_mixin.py:188} INFO - [2024-06-24T06:52:09.005+0000] {dagbag.py:545} INFO - Filling up the DagBag from /home/airflow/.local/lib/python3.12/site-packages/airflow/example_dags/example_python_decorator.py
[2024-06-24T06:52:09.036+0000] {processor.py:840} INFO - DAG(s) 'example_python_decorator' retrieved from /home/airflow/.local/lib/python3.12/site-packages/airflow/example_dags/example_python_decorator.py
[2024-06-24T06:52:09.073+0000] {logging_mixin.py:188} INFO - [2024-06-24T06:52:09.073+0000] {dag.py:3096} INFO - Sync 1 DAGs
[2024-06-24T06:52:09.095+0000] {logging_mixin.py:188} INFO - [2024-06-24T06:52:09.094+0000] {dag.py:3954} INFO - Setting next_dagrun for example_python_decorator to None, run_after=None
[2024-06-24T06:52:09.125+0000] {processor.py:183} INFO - Processing /home/airflow/.local/lib/python3.12/site-packages/airflow/example_dags/example_python_decorator.py took 0.138 seconds
[2024-06-24T06:52:39.452+0000] {processor.py:161} INFO - Started process (PID=929) to work on /home/airflow/.local/lib/python3.12/site-packages/airflow/example_dags/example_python_decorator.py
[2024-06-24T06:52:39.454+0000] {processor.py:830} INFO - Processing file /home/airflow/.local/lib/python3.12/site-packages/airflow/example_dags/example_python_decorator.py for tasks to queue
[2024-06-24T06:52:39.458+0000] {logging_mixin.py:188} INFO - [2024-06-24T06:52:39.457+0000] {dagbag.py:545} INFO - Filling up the DagBag from /home/airflow/.local/lib/python3.12/site-packages/airflow/example_dags/example_python_decorator.py
[2024-06-24T06:52:39.489+0000] {processor.py:840} INFO - DAG(s) 'example_python_decorator' retrieved from /home/airflow/.local/lib/python3.12/site-packages/airflow/example_dags/example_python_decorator.py
[2024-06-24T06:52:39.542+0000] {logging_mixin.py:188} INFO - [2024-06-24T06:52:39.542+0000] {dag.py:3096} INFO - Sync 1 DAGs
[2024-06-24T06:52:39.564+0000] {logging_mixin.py:188} INFO - [2024-06-24T06:52:39.564+0000] {dag.py:3954} INFO - Setting next_dagrun for example_python_decorator to None, run_after=None
[2024-06-24T06:52:39.598+0000] {processor.py:183} INFO - Processing /home/airflow/.local/lib/python3.12/site-packages/airflow/example_dags/example_python_decorator.py took 0.160 seconds
