[2024-06-24T06:51:34.776+0000] {processor.py:161} INFO - Started process (PID=365) to work on /home/airflow/.local/lib/python3.12/site-packages/airflow/example_dags/example_branch_operator.py
[2024-06-24T06:51:34.798+0000] {processor.py:830} INFO - Processing file /home/airflow/.local/lib/python3.12/site-packages/airflow/example_dags/example_branch_operator.py for tasks to queue
[2024-06-24T06:51:34.802+0000] {logging_mixin.py:188} INFO - [2024-06-24T06:51:34.801+0000] {dagbag.py:545} INFO - Filling up the DagBag from /home/airflow/.local/lib/python3.12/site-packages/airflow/example_dags/example_branch_operator.py
[2024-06-24T06:51:35.028+0000] {processor.py:840} INFO - DAG(s) 'example_branch_operator' retrieved from /home/airflow/.local/lib/python3.12/site-packages/airflow/example_dags/example_branch_operator.py
[2024-06-24T06:51:35.670+0000] {logging_mixin.py:188} INFO - [2024-06-24T06:51:35.670+0000] {dag.py:3096} INFO - Sync 1 DAGs
[2024-06-24T06:51:35.753+0000] {logging_mixin.py:188} INFO - [2024-06-24T06:51:35.752+0000] {dag.py:3954} INFO - Setting next_dagrun for example_branch_operator to 2024-06-23 00:00:00+00:00, run_after=2024-06-24 00:00:00+00:00
[2024-06-24T06:51:35.866+0000] {processor.py:183} INFO - Processing /home/airflow/.local/lib/python3.12/site-packages/airflow/example_dags/example_branch_operator.py took 1.106 seconds
[2024-06-24T06:52:06.191+0000] {processor.py:161} INFO - Started process (PID=632) to work on /home/airflow/.local/lib/python3.12/site-packages/airflow/example_dags/example_branch_operator.py
[2024-06-24T06:52:06.197+0000] {processor.py:830} INFO - Processing file /home/airflow/.local/lib/python3.12/site-packages/airflow/example_dags/example_branch_operator.py for tasks to queue
[2024-06-24T06:52:06.201+0000] {logging_mixin.py:188} INFO - [2024-06-24T06:52:06.200+0000] {dagbag.py:545} INFO - Filling up the DagBag from /home/airflow/.local/lib/python3.12/site-packages/airflow/example_dags/example_branch_operator.py
[2024-06-24T06:52:06.259+0000] {processor.py:840} INFO - DAG(s) 'example_branch_operator' retrieved from /home/airflow/.local/lib/python3.12/site-packages/airflow/example_dags/example_branch_operator.py
[2024-06-24T06:52:06.373+0000] {logging_mixin.py:188} INFO - [2024-06-24T06:52:06.373+0000] {dag.py:3096} INFO - Sync 1 DAGs
[2024-06-24T06:52:06.449+0000] {logging_mixin.py:188} INFO - [2024-06-24T06:52:06.448+0000] {dag.py:3954} INFO - Setting next_dagrun for example_branch_operator to 2024-06-23 00:00:00+00:00, run_after=2024-06-24 00:00:00+00:00
[2024-06-24T06:52:06.495+0000] {processor.py:183} INFO - Processing /home/airflow/.local/lib/python3.12/site-packages/airflow/example_dags/example_branch_operator.py took 0.320 seconds
[2024-06-24T06:52:36.807+0000] {processor.py:161} INFO - Started process (PID=894) to work on /home/airflow/.local/lib/python3.12/site-packages/airflow/example_dags/example_branch_operator.py
[2024-06-24T06:52:36.808+0000] {processor.py:830} INFO - Processing file /home/airflow/.local/lib/python3.12/site-packages/airflow/example_dags/example_branch_operator.py for tasks to queue
[2024-06-24T06:52:36.810+0000] {logging_mixin.py:188} INFO - [2024-06-24T06:52:36.810+0000] {dagbag.py:545} INFO - Filling up the DagBag from /home/airflow/.local/lib/python3.12/site-packages/airflow/example_dags/example_branch_operator.py
[2024-06-24T06:52:36.836+0000] {processor.py:840} INFO - DAG(s) 'example_branch_operator' retrieved from /home/airflow/.local/lib/python3.12/site-packages/airflow/example_dags/example_branch_operator.py
[2024-06-24T06:52:36.882+0000] {logging_mixin.py:188} INFO - [2024-06-24T06:52:36.882+0000] {dag.py:3096} INFO - Sync 1 DAGs
[2024-06-24T06:52:36.920+0000] {logging_mixin.py:188} INFO - [2024-06-24T06:52:36.920+0000] {dag.py:3954} INFO - Setting next_dagrun for example_branch_operator to 2024-06-23 00:00:00+00:00, run_after=2024-06-24 00:00:00+00:00
[2024-06-24T06:52:36.974+0000] {processor.py:183} INFO - Processing /home/airflow/.local/lib/python3.12/site-packages/airflow/example_dags/example_branch_operator.py took 0.177 seconds
