[2024-06-24T06:51:33.015+0000] {processor.py:161} INFO - Started process (PID=340) to work on /home/airflow/.local/lib/python3.12/site-packages/airflow/example_dags/example_xcomargs.py
[2024-06-24T06:51:33.016+0000] {processor.py:830} INFO - Processing file /home/airflow/.local/lib/python3.12/site-packages/airflow/example_dags/example_xcomargs.py for tasks to queue
[2024-06-24T06:51:33.022+0000] {logging_mixin.py:188} INFO - [2024-06-24T06:51:33.022+0000] {dagbag.py:545} INFO - Filling up the DagBag from /home/airflow/.local/lib/python3.12/site-packages/airflow/example_dags/example_xcomargs.py
[2024-06-24T06:51:33.044+0000] {processor.py:840} INFO - DAG(s) 'example_xcom_args_with_operators', 'example_xcom_args' retrieved from /home/airflow/.local/lib/python3.12/site-packages/airflow/example_dags/example_xcomargs.py
[2024-06-24T06:51:33.387+0000] {logging_mixin.py:188} INFO - [2024-06-24T06:51:33.386+0000] {dag.py:3096} INFO - Sync 2 DAGs
[2024-06-24T06:51:33.409+0000] {logging_mixin.py:188} INFO - [2024-06-24T06:51:33.408+0000] {dag.py:3954} INFO - Setting next_dagrun for example_xcom_args to None, run_after=None
[2024-06-24T06:51:33.414+0000] {logging_mixin.py:188} INFO - [2024-06-24T06:51:33.413+0000] {dag.py:3954} INFO - Setting next_dagrun for example_xcom_args_with_operators to None, run_after=None
[2024-06-24T06:51:33.444+0000] {processor.py:183} INFO - Processing /home/airflow/.local/lib/python3.12/site-packages/airflow/example_dags/example_xcomargs.py took 0.442 seconds
[2024-06-24T06:52:03.780+0000] {processor.py:161} INFO - Started process (PID=603) to work on /home/airflow/.local/lib/python3.12/site-packages/airflow/example_dags/example_xcomargs.py
[2024-06-24T06:52:03.783+0000] {processor.py:830} INFO - Processing file /home/airflow/.local/lib/python3.12/site-packages/airflow/example_dags/example_xcomargs.py for tasks to queue
[2024-06-24T06:52:03.790+0000] {logging_mixin.py:188} INFO - [2024-06-24T06:52:03.789+0000] {dagbag.py:545} INFO - Filling up the DagBag from /home/airflow/.local/lib/python3.12/site-packages/airflow/example_dags/example_xcomargs.py
[2024-06-24T06:52:03.815+0000] {processor.py:840} INFO - DAG(s) 'example_xcom_args', 'example_xcom_args_with_operators' retrieved from /home/airflow/.local/lib/python3.12/site-packages/airflow/example_dags/example_xcomargs.py
[2024-06-24T06:52:03.874+0000] {logging_mixin.py:188} INFO - [2024-06-24T06:52:03.874+0000] {dag.py:3096} INFO - Sync 2 DAGs
[2024-06-24T06:52:03.918+0000] {logging_mixin.py:188} INFO - [2024-06-24T06:52:03.917+0000] {dag.py:3954} INFO - Setting next_dagrun for example_xcom_args to None, run_after=None
[2024-06-24T06:52:03.928+0000] {logging_mixin.py:188} INFO - [2024-06-24T06:52:03.927+0000] {dag.py:3954} INFO - Setting next_dagrun for example_xcom_args_with_operators to None, run_after=None
[2024-06-24T06:52:03.974+0000] {processor.py:183} INFO - Processing /home/airflow/.local/lib/python3.12/site-packages/airflow/example_dags/example_xcomargs.py took 0.208 seconds
[2024-06-24T06:52:34.309+0000] {processor.py:161} INFO - Started process (PID=863) to work on /home/airflow/.local/lib/python3.12/site-packages/airflow/example_dags/example_xcomargs.py
[2024-06-24T06:52:34.311+0000] {processor.py:830} INFO - Processing file /home/airflow/.local/lib/python3.12/site-packages/airflow/example_dags/example_xcomargs.py for tasks to queue
[2024-06-24T06:52:34.314+0000] {logging_mixin.py:188} INFO - [2024-06-24T06:52:34.314+0000] {dagbag.py:545} INFO - Filling up the DagBag from /home/airflow/.local/lib/python3.12/site-packages/airflow/example_dags/example_xcomargs.py
[2024-06-24T06:52:34.330+0000] {processor.py:840} INFO - DAG(s) 'example_xcom_args', 'example_xcom_args_with_operators' retrieved from /home/airflow/.local/lib/python3.12/site-packages/airflow/example_dags/example_xcomargs.py
[2024-06-24T06:52:34.377+0000] {logging_mixin.py:188} INFO - [2024-06-24T06:52:34.377+0000] {dag.py:3096} INFO - Sync 2 DAGs
[2024-06-24T06:52:34.407+0000] {logging_mixin.py:188} INFO - [2024-06-24T06:52:34.406+0000] {dag.py:3954} INFO - Setting next_dagrun for example_xcom_args to None, run_after=None
[2024-06-24T06:52:34.415+0000] {logging_mixin.py:188} INFO - [2024-06-24T06:52:34.415+0000] {dag.py:3954} INFO - Setting next_dagrun for example_xcom_args_with_operators to None, run_after=None
[2024-06-24T06:52:34.469+0000] {processor.py:183} INFO - Processing /home/airflow/.local/lib/python3.12/site-packages/airflow/example_dags/example_xcomargs.py took 0.172 seconds
