[2024-06-24T06:51:32.519+0000] {processor.py:161} INFO - Started process (PID=330) to work on /home/airflow/.local/lib/python3.12/site-packages/airflow/example_dags/example_latest_only_with_trigger.py
[2024-06-24T06:51:32.521+0000] {processor.py:830} INFO - Processing file /home/airflow/.local/lib/python3.12/site-packages/airflow/example_dags/example_latest_only_with_trigger.py for tasks to queue
[2024-06-24T06:51:32.528+0000] {logging_mixin.py:188} INFO - [2024-06-24T06:51:32.528+0000] {dagbag.py:545} INFO - Filling up the DagBag from /home/airflow/.local/lib/python3.12/site-packages/airflow/example_dags/example_latest_only_with_trigger.py
[2024-06-24T06:51:32.542+0000] {processor.py:840} INFO - DAG(s) 'latest_only_with_trigger' retrieved from /home/airflow/.local/lib/python3.12/site-packages/airflow/example_dags/example_latest_only_with_trigger.py
[2024-06-24T06:51:32.835+0000] {logging_mixin.py:188} INFO - [2024-06-24T06:51:32.834+0000] {dag.py:3096} INFO - Sync 1 DAGs
[2024-06-24T06:51:32.885+0000] {logging_mixin.py:188} INFO - [2024-06-24T06:51:32.884+0000] {dag.py:3954} INFO - Setting next_dagrun for latest_only_with_trigger to 2024-06-24 00:00:00+00:00, run_after=2024-06-24 04:00:00+00:00
[2024-06-24T06:51:32.928+0000] {processor.py:183} INFO - Processing /home/airflow/.local/lib/python3.12/site-packages/airflow/example_dags/example_latest_only_with_trigger.py took 0.434 seconds
[2024-06-24T06:52:03.518+0000] {processor.py:161} INFO - Started process (PID=591) to work on /home/airflow/.local/lib/python3.12/site-packages/airflow/example_dags/example_latest_only_with_trigger.py
[2024-06-24T06:52:03.520+0000] {processor.py:830} INFO - Processing file /home/airflow/.local/lib/python3.12/site-packages/airflow/example_dags/example_latest_only_with_trigger.py for tasks to queue
[2024-06-24T06:52:03.523+0000] {logging_mixin.py:188} INFO - [2024-06-24T06:52:03.523+0000] {dagbag.py:545} INFO - Filling up the DagBag from /home/airflow/.local/lib/python3.12/site-packages/airflow/example_dags/example_latest_only_with_trigger.py
[2024-06-24T06:52:03.534+0000] {processor.py:840} INFO - DAG(s) 'latest_only_with_trigger' retrieved from /home/airflow/.local/lib/python3.12/site-packages/airflow/example_dags/example_latest_only_with_trigger.py
[2024-06-24T06:52:03.572+0000] {logging_mixin.py:188} INFO - [2024-06-24T06:52:03.572+0000] {dag.py:3096} INFO - Sync 1 DAGs
[2024-06-24T06:52:03.621+0000] {logging_mixin.py:188} INFO - [2024-06-24T06:52:03.620+0000] {dag.py:3954} INFO - Setting next_dagrun for latest_only_with_trigger to 2024-06-24 00:00:00+00:00, run_after=2024-06-24 04:00:00+00:00
[2024-06-24T06:52:03.689+0000] {processor.py:183} INFO - Processing /home/airflow/.local/lib/python3.12/site-packages/airflow/example_dags/example_latest_only_with_trigger.py took 0.184 seconds
[2024-06-24T06:52:34.088+0000] {processor.py:161} INFO - Started process (PID=853) to work on /home/airflow/.local/lib/python3.12/site-packages/airflow/example_dags/example_latest_only_with_trigger.py
[2024-06-24T06:52:34.090+0000] {processor.py:830} INFO - Processing file /home/airflow/.local/lib/python3.12/site-packages/airflow/example_dags/example_latest_only_with_trigger.py for tasks to queue
[2024-06-24T06:52:34.092+0000] {logging_mixin.py:188} INFO - [2024-06-24T06:52:34.092+0000] {dagbag.py:545} INFO - Filling up the DagBag from /home/airflow/.local/lib/python3.12/site-packages/airflow/example_dags/example_latest_only_with_trigger.py
[2024-06-24T06:52:34.100+0000] {processor.py:840} INFO - DAG(s) 'latest_only_with_trigger' retrieved from /home/airflow/.local/lib/python3.12/site-packages/airflow/example_dags/example_latest_only_with_trigger.py
[2024-06-24T06:52:34.138+0000] {logging_mixin.py:188} INFO - [2024-06-24T06:52:34.138+0000] {dag.py:3096} INFO - Sync 1 DAGs
[2024-06-24T06:52:34.198+0000] {logging_mixin.py:188} INFO - [2024-06-24T06:52:34.197+0000] {dag.py:3954} INFO - Setting next_dagrun for latest_only_with_trigger to 2024-06-24 00:00:00+00:00, run_after=2024-06-24 04:00:00+00:00
[2024-06-24T06:52:34.257+0000] {processor.py:183} INFO - Processing /home/airflow/.local/lib/python3.12/site-packages/airflow/example_dags/example_latest_only_with_trigger.py took 0.180 seconds
