[2024-06-24T06:51:35.502+0000] {processor.py:161} INFO - Started process (PID=375) to work on /home/airflow/.local/lib/python3.12/site-packages/airflow/example_dags/example_latest_only.py
[2024-06-24T06:51:35.503+0000] {processor.py:830} INFO - Processing file /home/airflow/.local/lib/python3.12/site-packages/airflow/example_dags/example_latest_only.py for tasks to queue
[2024-06-24T06:51:35.527+0000] {logging_mixin.py:188} INFO - [2024-06-24T06:51:35.527+0000] {dagbag.py:545} INFO - Filling up the DagBag from /home/airflow/.local/lib/python3.12/site-packages/airflow/example_dags/example_latest_only.py
[2024-06-24T06:51:35.581+0000] {processor.py:840} INFO - DAG(s) 'latest_only' retrieved from /home/airflow/.local/lib/python3.12/site-packages/airflow/example_dags/example_latest_only.py
[2024-06-24T06:51:36.374+0000] {logging_mixin.py:188} INFO - [2024-06-24T06:51:36.374+0000] {dag.py:3096} INFO - Sync 1 DAGs
[2024-06-24T06:51:36.511+0000] {logging_mixin.py:188} INFO - [2024-06-24T06:51:36.510+0000] {dag.py:3954} INFO - Setting next_dagrun for latest_only to 2024-06-24 00:00:00+00:00, run_after=2024-06-24 04:00:00+00:00
[2024-06-24T06:51:36.643+0000] {processor.py:183} INFO - Processing /home/airflow/.local/lib/python3.12/site-packages/airflow/example_dags/example_latest_only.py took 1.235 seconds
[2024-06-24T06:52:07.359+0000] {processor.py:161} INFO - Started process (PID=639) to work on /home/airflow/.local/lib/python3.12/site-packages/airflow/example_dags/example_latest_only.py
[2024-06-24T06:52:07.360+0000] {processor.py:830} INFO - Processing file /home/airflow/.local/lib/python3.12/site-packages/airflow/example_dags/example_latest_only.py for tasks to queue
[2024-06-24T06:52:07.364+0000] {logging_mixin.py:188} INFO - [2024-06-24T06:52:07.363+0000] {dagbag.py:545} INFO - Filling up the DagBag from /home/airflow/.local/lib/python3.12/site-packages/airflow/example_dags/example_latest_only.py
[2024-06-24T06:52:07.377+0000] {processor.py:840} INFO - DAG(s) 'latest_only' retrieved from /home/airflow/.local/lib/python3.12/site-packages/airflow/example_dags/example_latest_only.py
[2024-06-24T06:52:07.458+0000] {logging_mixin.py:188} INFO - [2024-06-24T06:52:07.458+0000] {dag.py:3096} INFO - Sync 1 DAGs
[2024-06-24T06:52:07.510+0000] {logging_mixin.py:188} INFO - [2024-06-24T06:52:07.509+0000] {dag.py:3954} INFO - Setting next_dagrun for latest_only to 2024-06-24 00:00:00+00:00, run_after=2024-06-24 04:00:00+00:00
[2024-06-24T06:52:07.550+0000] {processor.py:183} INFO - Processing /home/airflow/.local/lib/python3.12/site-packages/airflow/example_dags/example_latest_only.py took 0.203 seconds
[2024-06-24T06:52:37.928+0000] {processor.py:161} INFO - Started process (PID=901) to work on /home/airflow/.local/lib/python3.12/site-packages/airflow/example_dags/example_latest_only.py
[2024-06-24T06:52:37.930+0000] {processor.py:830} INFO - Processing file /home/airflow/.local/lib/python3.12/site-packages/airflow/example_dags/example_latest_only.py for tasks to queue
[2024-06-24T06:52:37.944+0000] {logging_mixin.py:188} INFO - [2024-06-24T06:52:37.943+0000] {dagbag.py:545} INFO - Filling up the DagBag from /home/airflow/.local/lib/python3.12/site-packages/airflow/example_dags/example_latest_only.py
[2024-06-24T06:52:37.953+0000] {processor.py:840} INFO - DAG(s) 'latest_only' retrieved from /home/airflow/.local/lib/python3.12/site-packages/airflow/example_dags/example_latest_only.py
[2024-06-24T06:52:38.002+0000] {logging_mixin.py:188} INFO - [2024-06-24T06:52:38.001+0000] {dag.py:3096} INFO - Sync 1 DAGs
[2024-06-24T06:52:38.074+0000] {logging_mixin.py:188} INFO - [2024-06-24T06:52:38.074+0000] {dag.py:3954} INFO - Setting next_dagrun for latest_only to 2024-06-24 00:00:00+00:00, run_after=2024-06-24 04:00:00+00:00
[2024-06-24T06:52:38.111+0000] {processor.py:183} INFO - Processing /home/airflow/.local/lib/python3.12/site-packages/airflow/example_dags/example_latest_only.py took 0.196 seconds
