[2024-06-24T06:51:33.538+0000] {processor.py:161} INFO - Started process (PID=350) to work on /home/airflow/.local/lib/python3.12/site-packages/airflow/example_dags/example_datasets.py
[2024-06-24T06:51:33.539+0000] {processor.py:830} INFO - Processing file /home/airflow/.local/lib/python3.12/site-packages/airflow/example_dags/example_datasets.py for tasks to queue
[2024-06-24T06:51:33.543+0000] {logging_mixin.py:188} INFO - [2024-06-24T06:51:33.542+0000] {dagbag.py:545} INFO - Filling up the DagBag from /home/airflow/.local/lib/python3.12/site-packages/airflow/example_dags/example_datasets.py
[2024-06-24T06:51:33.598+0000] {processor.py:840} INFO - DAG(s) 'consume_1_or_both_2_and_3_with_dataset_expressions', 'dataset_produces_2', 'dataset_consumes_1_never_scheduled', 'dataset_produces_1', 'consume_1_and_2_with_dataset_expressions', 'dataset_consumes_1_and_2', 'dataset_consumes_unknown_never_scheduled', 'conditional_dataset_and_time_based_timetable', 'consume_1_or_2_with_dataset_expressions', 'dataset_consumes_1' retrieved from /home/airflow/.local/lib/python3.12/site-packages/airflow/example_dags/example_datasets.py
[2024-06-24T06:51:34.285+0000] {logging_mixin.py:188} INFO - [2024-06-24T06:51:34.285+0000] {dag.py:3096} INFO - Sync 10 DAGs
[2024-06-24T06:51:34.342+0000] {logging_mixin.py:188} INFO - [2024-06-24T06:51:34.342+0000] {dag.py:3954} INFO - Setting next_dagrun for conditional_dataset_and_time_based_timetable to 2024-06-19 01:00:00+00:00, run_after=2024-06-19 01:00:00+00:00
[2024-06-24T06:51:34.350+0000] {logging_mixin.py:188} INFO - [2024-06-24T06:51:34.349+0000] {dag.py:3954} INFO - Setting next_dagrun for consume_1_and_2_with_dataset_expressions to None, run_after=None
[2024-06-24T06:51:34.353+0000] {logging_mixin.py:188} INFO - [2024-06-24T06:51:34.352+0000] {dag.py:3954} INFO - Setting next_dagrun for consume_1_or_2_with_dataset_expressions to None, run_after=None
[2024-06-24T06:51:34.356+0000] {logging_mixin.py:188} INFO - [2024-06-24T06:51:34.355+0000] {dag.py:3954} INFO - Setting next_dagrun for consume_1_or_both_2_and_3_with_dataset_expressions to None, run_after=None
[2024-06-24T06:51:34.359+0000] {logging_mixin.py:188} INFO - [2024-06-24T06:51:34.358+0000] {dag.py:3954} INFO - Setting next_dagrun for dataset_consumes_1 to None, run_after=None
[2024-06-24T06:51:34.362+0000] {logging_mixin.py:188} INFO - [2024-06-24T06:51:34.361+0000] {dag.py:3954} INFO - Setting next_dagrun for dataset_consumes_1_and_2 to None, run_after=None
[2024-06-24T06:51:34.365+0000] {logging_mixin.py:188} INFO - [2024-06-24T06:51:34.364+0000] {dag.py:3954} INFO - Setting next_dagrun for dataset_consumes_1_never_scheduled to None, run_after=None
[2024-06-24T06:51:34.367+0000] {logging_mixin.py:188} INFO - [2024-06-24T06:51:34.367+0000] {dag.py:3954} INFO - Setting next_dagrun for dataset_consumes_unknown_never_scheduled to None, run_after=None
[2024-06-24T06:51:34.374+0000] {logging_mixin.py:188} INFO - [2024-06-24T06:51:34.373+0000] {dag.py:3954} INFO - Setting next_dagrun for dataset_produces_1 to 2024-06-23 00:00:00+00:00, run_after=2024-06-24 00:00:00+00:00
[2024-06-24T06:51:34.377+0000] {logging_mixin.py:188} INFO - [2024-06-24T06:51:34.376+0000] {dag.py:3954} INFO - Setting next_dagrun for dataset_produces_2 to None, run_after=None
[2024-06-24T06:51:34.559+0000] {processor.py:183} INFO - Processing /home/airflow/.local/lib/python3.12/site-packages/airflow/example_dags/example_datasets.py took 1.047 seconds
[2024-06-24T06:52:05.263+0000] {processor.py:161} INFO - Started process (PID=618) to work on /home/airflow/.local/lib/python3.12/site-packages/airflow/example_dags/example_datasets.py
[2024-06-24T06:52:05.266+0000] {processor.py:830} INFO - Processing file /home/airflow/.local/lib/python3.12/site-packages/airflow/example_dags/example_datasets.py for tasks to queue
[2024-06-24T06:52:05.270+0000] {logging_mixin.py:188} INFO - [2024-06-24T06:52:05.269+0000] {dagbag.py:545} INFO - Filling up the DagBag from /home/airflow/.local/lib/python3.12/site-packages/airflow/example_dags/example_datasets.py
[2024-06-24T06:52:05.339+0000] {processor.py:840} INFO - DAG(s) 'dataset_produces_2', 'dataset_consumes_1', 'dataset_consumes_1_never_scheduled', 'consume_1_and_2_with_dataset_expressions', 'dataset_consumes_1_and_2', 'dataset_produces_1', 'consume_1_or_2_with_dataset_expressions', 'dataset_consumes_unknown_never_scheduled', 'consume_1_or_both_2_and_3_with_dataset_expressions', 'conditional_dataset_and_time_based_timetable' retrieved from /home/airflow/.local/lib/python3.12/site-packages/airflow/example_dags/example_datasets.py
[2024-06-24T06:52:05.748+0000] {logging_mixin.py:188} INFO - [2024-06-24T06:52:05.747+0000] {dag.py:3096} INFO - Sync 10 DAGs
[2024-06-24T06:52:05.923+0000] {logging_mixin.py:188} INFO - [2024-06-24T06:52:05.922+0000] {dag.py:3954} INFO - Setting next_dagrun for conditional_dataset_and_time_based_timetable to 2024-06-19 01:00:00+00:00, run_after=2024-06-19 01:00:00+00:00
[2024-06-24T06:52:05.960+0000] {logging_mixin.py:188} INFO - [2024-06-24T06:52:05.956+0000] {dag.py:3954} INFO - Setting next_dagrun for consume_1_and_2_with_dataset_expressions to None, run_after=None
[2024-06-24T06:52:05.972+0000] {logging_mixin.py:188} INFO - [2024-06-24T06:52:05.969+0000] {dag.py:3954} INFO - Setting next_dagrun for consume_1_or_2_with_dataset_expressions to None, run_after=None
[2024-06-24T06:52:05.984+0000] {logging_mixin.py:188} INFO - [2024-06-24T06:52:05.984+0000] {dag.py:3954} INFO - Setting next_dagrun for consume_1_or_both_2_and_3_with_dataset_expressions to None, run_after=None
[2024-06-24T06:52:05.999+0000] {logging_mixin.py:188} INFO - [2024-06-24T06:52:05.998+0000] {dag.py:3954} INFO - Setting next_dagrun for dataset_consumes_1 to None, run_after=None
[2024-06-24T06:52:06.014+0000] {logging_mixin.py:188} INFO - [2024-06-24T06:52:06.012+0000] {dag.py:3954} INFO - Setting next_dagrun for dataset_consumes_1_and_2 to None, run_after=None
[2024-06-24T06:52:06.026+0000] {logging_mixin.py:188} INFO - [2024-06-24T06:52:06.026+0000] {dag.py:3954} INFO - Setting next_dagrun for dataset_consumes_1_never_scheduled to None, run_after=None
[2024-06-24T06:52:06.032+0000] {logging_mixin.py:188} INFO - [2024-06-24T06:52:06.032+0000] {dag.py:3954} INFO - Setting next_dagrun for dataset_consumes_unknown_never_scheduled to None, run_after=None
[2024-06-24T06:52:06.046+0000] {logging_mixin.py:188} INFO - [2024-06-24T06:52:06.046+0000] {dag.py:3954} INFO - Setting next_dagrun for dataset_produces_1 to 2024-06-23 00:00:00+00:00, run_after=2024-06-24 00:00:00+00:00
[2024-06-24T06:52:06.056+0000] {logging_mixin.py:188} INFO - [2024-06-24T06:52:06.053+0000] {dag.py:3954} INFO - Setting next_dagrun for dataset_produces_2 to None, run_after=None
[2024-06-24T06:52:06.261+0000] {processor.py:183} INFO - Processing /home/airflow/.local/lib/python3.12/site-packages/airflow/example_dags/example_datasets.py took 1.036 seconds
[2024-06-24T06:52:36.582+0000] {processor.py:161} INFO - Started process (PID=886) to work on /home/airflow/.local/lib/python3.12/site-packages/airflow/example_dags/example_datasets.py
[2024-06-24T06:52:36.583+0000] {processor.py:830} INFO - Processing file /home/airflow/.local/lib/python3.12/site-packages/airflow/example_dags/example_datasets.py for tasks to queue
[2024-06-24T06:52:36.586+0000] {logging_mixin.py:188} INFO - [2024-06-24T06:52:36.585+0000] {dagbag.py:545} INFO - Filling up the DagBag from /home/airflow/.local/lib/python3.12/site-packages/airflow/example_dags/example_datasets.py
[2024-06-24T06:52:36.614+0000] {processor.py:840} INFO - DAG(s) 'consume_1_or_both_2_and_3_with_dataset_expressions', 'dataset_produces_2', 'conditional_dataset_and_time_based_timetable', 'dataset_consumes_unknown_never_scheduled', 'dataset_consumes_1', 'dataset_consumes_1_never_scheduled', 'dataset_consumes_1_and_2', 'dataset_produces_1', 'consume_1_or_2_with_dataset_expressions', 'consume_1_and_2_with_dataset_expressions' retrieved from /home/airflow/.local/lib/python3.12/site-packages/airflow/example_dags/example_datasets.py
[2024-06-24T06:52:36.728+0000] {logging_mixin.py:188} INFO - [2024-06-24T06:52:36.727+0000] {dag.py:3096} INFO - Sync 10 DAGs
[2024-06-24T06:52:36.793+0000] {logging_mixin.py:188} INFO - [2024-06-24T06:52:36.793+0000] {dag.py:3954} INFO - Setting next_dagrun for conditional_dataset_and_time_based_timetable to 2024-06-19 01:00:00+00:00, run_after=2024-06-19 01:00:00+00:00
[2024-06-24T06:52:36.800+0000] {logging_mixin.py:188} INFO - [2024-06-24T06:52:36.800+0000] {dag.py:3954} INFO - Setting next_dagrun for consume_1_and_2_with_dataset_expressions to None, run_after=None
[2024-06-24T06:52:36.803+0000] {logging_mixin.py:188} INFO - [2024-06-24T06:52:36.802+0000] {dag.py:3954} INFO - Setting next_dagrun for consume_1_or_2_with_dataset_expressions to None, run_after=None
[2024-06-24T06:52:36.805+0000] {logging_mixin.py:188} INFO - [2024-06-24T06:52:36.804+0000] {dag.py:3954} INFO - Setting next_dagrun for consume_1_or_both_2_and_3_with_dataset_expressions to None, run_after=None
[2024-06-24T06:52:36.807+0000] {logging_mixin.py:188} INFO - [2024-06-24T06:52:36.806+0000] {dag.py:3954} INFO - Setting next_dagrun for dataset_consumes_1 to None, run_after=None
[2024-06-24T06:52:36.809+0000] {logging_mixin.py:188} INFO - [2024-06-24T06:52:36.809+0000] {dag.py:3954} INFO - Setting next_dagrun for dataset_consumes_1_and_2 to None, run_after=None
[2024-06-24T06:52:36.811+0000] {logging_mixin.py:188} INFO - [2024-06-24T06:52:36.811+0000] {dag.py:3954} INFO - Setting next_dagrun for dataset_consumes_1_never_scheduled to None, run_after=None
[2024-06-24T06:52:36.813+0000] {logging_mixin.py:188} INFO - [2024-06-24T06:52:36.812+0000] {dag.py:3954} INFO - Setting next_dagrun for dataset_consumes_unknown_never_scheduled to None, run_after=None
[2024-06-24T06:52:36.817+0000] {logging_mixin.py:188} INFO - [2024-06-24T06:52:36.816+0000] {dag.py:3954} INFO - Setting next_dagrun for dataset_produces_1 to 2024-06-23 00:00:00+00:00, run_after=2024-06-24 00:00:00+00:00
[2024-06-24T06:52:36.819+0000] {logging_mixin.py:188} INFO - [2024-06-24T06:52:36.819+0000] {dag.py:3954} INFO - Setting next_dagrun for dataset_produces_2 to None, run_after=None
[2024-06-24T06:52:36.866+0000] {processor.py:183} INFO - Processing /home/airflow/.local/lib/python3.12/site-packages/airflow/example_dags/example_datasets.py took 0.295 seconds
