[2024-06-24T06:51:17.655+0000] {processor.py:161} INFO - Started process (PID=167) to work on /home/airflow/.local/lib/python3.12/site-packages/airflow/example_dags/example_task_group_decorator.py
[2024-06-24T06:51:17.657+0000] {processor.py:830} INFO - Processing file /home/airflow/.local/lib/python3.12/site-packages/airflow/example_dags/example_task_group_decorator.py for tasks to queue
[2024-06-24T06:51:17.660+0000] {logging_mixin.py:188} INFO - [2024-06-24T06:51:17.660+0000] {dagbag.py:545} INFO - Filling up the DagBag from /home/airflow/.local/lib/python3.12/site-packages/airflow/example_dags/example_task_group_decorator.py
[2024-06-24T06:51:17.792+0000] {processor.py:840} INFO - DAG(s) 'example_task_group_decorator' retrieved from /home/airflow/.local/lib/python3.12/site-packages/airflow/example_dags/example_task_group_decorator.py
[2024-06-24T06:51:18.657+0000] {logging_mixin.py:188} INFO - [2024-06-24T06:51:18.657+0000] {dag.py:3096} INFO - Sync 1 DAGs
[2024-06-24T06:51:18.791+0000] {logging_mixin.py:188} INFO - [2024-06-24T06:51:18.789+0000] {dag.py:3954} INFO - Setting next_dagrun for example_task_group_decorator to 2024-06-23 00:00:00+00:00, run_after=2024-06-24 00:00:00+00:00
[2024-06-24T06:51:18.919+0000] {processor.py:183} INFO - Processing /home/airflow/.local/lib/python3.12/site-packages/airflow/example_dags/example_task_group_decorator.py took 1.283 seconds
[2024-06-24T06:51:49.413+0000] {processor.py:161} INFO - Started process (PID=428) to work on /home/airflow/.local/lib/python3.12/site-packages/airflow/example_dags/example_task_group_decorator.py
[2024-06-24T06:51:49.415+0000] {processor.py:830} INFO - Processing file /home/airflow/.local/lib/python3.12/site-packages/airflow/example_dags/example_task_group_decorator.py for tasks to queue
[2024-06-24T06:51:49.423+0000] {logging_mixin.py:188} INFO - [2024-06-24T06:51:49.423+0000] {dagbag.py:545} INFO - Filling up the DagBag from /home/airflow/.local/lib/python3.12/site-packages/airflow/example_dags/example_task_group_decorator.py
[2024-06-24T06:51:49.464+0000] {processor.py:840} INFO - DAG(s) 'example_task_group_decorator' retrieved from /home/airflow/.local/lib/python3.12/site-packages/airflow/example_dags/example_task_group_decorator.py
[2024-06-24T06:51:49.663+0000] {logging_mixin.py:188} INFO - [2024-06-24T06:51:49.661+0000] {dag.py:3096} INFO - Sync 1 DAGs
[2024-06-24T06:51:49.843+0000] {logging_mixin.py:188} INFO - [2024-06-24T06:51:49.836+0000] {dag.py:3954} INFO - Setting next_dagrun for example_task_group_decorator to 2024-06-23 00:00:00+00:00, run_after=2024-06-24 00:00:00+00:00
[2024-06-24T06:51:49.908+0000] {processor.py:183} INFO - Processing /home/airflow/.local/lib/python3.12/site-packages/airflow/example_dags/example_task_group_decorator.py took 0.510 seconds
[2024-06-24T06:52:20.153+0000] {processor.py:161} INFO - Started process (PID=690) to work on /home/airflow/.local/lib/python3.12/site-packages/airflow/example_dags/example_task_group_decorator.py
[2024-06-24T06:52:20.162+0000] {processor.py:830} INFO - Processing file /home/airflow/.local/lib/python3.12/site-packages/airflow/example_dags/example_task_group_decorator.py for tasks to queue
[2024-06-24T06:52:20.166+0000] {logging_mixin.py:188} INFO - [2024-06-24T06:52:20.165+0000] {dagbag.py:545} INFO - Filling up the DagBag from /home/airflow/.local/lib/python3.12/site-packages/airflow/example_dags/example_task_group_decorator.py
[2024-06-24T06:52:20.264+0000] {processor.py:840} INFO - DAG(s) 'example_task_group_decorator' retrieved from /home/airflow/.local/lib/python3.12/site-packages/airflow/example_dags/example_task_group_decorator.py
[2024-06-24T06:52:20.529+0000] {logging_mixin.py:188} INFO - [2024-06-24T06:52:20.528+0000] {dag.py:3096} INFO - Sync 1 DAGs
[2024-06-24T06:52:20.648+0000] {logging_mixin.py:188} INFO - [2024-06-24T06:52:20.647+0000] {dag.py:3954} INFO - Setting next_dagrun for example_task_group_decorator to 2024-06-23 00:00:00+00:00, run_after=2024-06-24 00:00:00+00:00
[2024-06-24T06:52:20.756+0000] {processor.py:183} INFO - Processing /home/airflow/.local/lib/python3.12/site-packages/airflow/example_dags/example_task_group_decorator.py took 0.618 seconds
