[2024-06-24T06:51:20.456+0000] {processor.py:161} INFO - Started process (PID=190) to work on /home/airflow/.local/lib/python3.12/site-packages/airflow/example_dags/example_complex.py
[2024-06-24T06:51:20.458+0000] {processor.py:830} INFO - Processing file /home/airflow/.local/lib/python3.12/site-packages/airflow/example_dags/example_complex.py for tasks to queue
[2024-06-24T06:51:20.462+0000] {logging_mixin.py:188} INFO - [2024-06-24T06:51:20.461+0000] {dagbag.py:545} INFO - Filling up the DagBag from /home/airflow/.local/lib/python3.12/site-packages/airflow/example_dags/example_complex.py
[2024-06-24T06:51:20.526+0000] {processor.py:840} INFO - DAG(s) 'example_complex' retrieved from /home/airflow/.local/lib/python3.12/site-packages/airflow/example_dags/example_complex.py
[2024-06-24T06:51:21.310+0000] {logging_mixin.py:188} INFO - [2024-06-24T06:51:21.310+0000] {dag.py:3096} INFO - Sync 1 DAGs
[2024-06-24T06:51:21.369+0000] {logging_mixin.py:188} INFO - [2024-06-24T06:51:21.369+0000] {dag.py:3954} INFO - Setting next_dagrun for example_complex to None, run_after=None
[2024-06-24T06:51:21.509+0000] {processor.py:183} INFO - Processing /home/airflow/.local/lib/python3.12/site-packages/airflow/example_dags/example_complex.py took 1.074 seconds
[2024-06-24T06:51:52.007+0000] {processor.py:161} INFO - Started process (PID=453) to work on /home/airflow/.local/lib/python3.12/site-packages/airflow/example_dags/example_complex.py
[2024-06-24T06:51:52.009+0000] {processor.py:830} INFO - Processing file /home/airflow/.local/lib/python3.12/site-packages/airflow/example_dags/example_complex.py for tasks to queue
[2024-06-24T06:51:52.012+0000] {logging_mixin.py:188} INFO - [2024-06-24T06:51:52.012+0000] {dagbag.py:545} INFO - Filling up the DagBag from /home/airflow/.local/lib/python3.12/site-packages/airflow/example_dags/example_complex.py
[2024-06-24T06:51:52.055+0000] {processor.py:840} INFO - DAG(s) 'example_complex' retrieved from /home/airflow/.local/lib/python3.12/site-packages/airflow/example_dags/example_complex.py
[2024-06-24T06:51:52.150+0000] {logging_mixin.py:188} INFO - [2024-06-24T06:51:52.149+0000] {dag.py:3096} INFO - Sync 1 DAGs
[2024-06-24T06:51:52.182+0000] {logging_mixin.py:188} INFO - [2024-06-24T06:51:52.182+0000] {dag.py:3954} INFO - Setting next_dagrun for example_complex to None, run_after=None
[2024-06-24T06:51:52.263+0000] {processor.py:183} INFO - Processing /home/airflow/.local/lib/python3.12/site-packages/airflow/example_dags/example_complex.py took 0.284 seconds
[2024-06-24T06:52:22.529+0000] {processor.py:161} INFO - Started process (PID=715) to work on /home/airflow/.local/lib/python3.12/site-packages/airflow/example_dags/example_complex.py
[2024-06-24T06:52:22.531+0000] {processor.py:830} INFO - Processing file /home/airflow/.local/lib/python3.12/site-packages/airflow/example_dags/example_complex.py for tasks to queue
[2024-06-24T06:52:22.542+0000] {logging_mixin.py:188} INFO - [2024-06-24T06:52:22.542+0000] {dagbag.py:545} INFO - Filling up the DagBag from /home/airflow/.local/lib/python3.12/site-packages/airflow/example_dags/example_complex.py
[2024-06-24T06:52:22.619+0000] {processor.py:840} INFO - DAG(s) 'example_complex' retrieved from /home/airflow/.local/lib/python3.12/site-packages/airflow/example_dags/example_complex.py
[2024-06-24T06:52:22.780+0000] {logging_mixin.py:188} INFO - [2024-06-24T06:52:22.779+0000] {dag.py:3096} INFO - Sync 1 DAGs
[2024-06-24T06:52:22.818+0000] {logging_mixin.py:188} INFO - [2024-06-24T06:52:22.818+0000] {dag.py:3954} INFO - Setting next_dagrun for example_complex to None, run_after=None
[2024-06-24T06:52:22.974+0000] {processor.py:183} INFO - Processing /home/airflow/.local/lib/python3.12/site-packages/airflow/example_dags/example_complex.py took 0.513 seconds
