[2024-06-24T06:51:32.781+0000] {processor.py:161} INFO - Started process (PID=335) to work on /home/airflow/.local/lib/python3.12/site-packages/airflow/example_dags/example_trigger_target_dag.py
[2024-06-24T06:51:32.783+0000] {processor.py:830} INFO - Processing file /home/airflow/.local/lib/python3.12/site-packages/airflow/example_dags/example_trigger_target_dag.py for tasks to queue
[2024-06-24T06:51:32.787+0000] {logging_mixin.py:188} INFO - [2024-06-24T06:51:32.787+0000] {dagbag.py:545} INFO - Filling up the DagBag from /home/airflow/.local/lib/python3.12/site-packages/airflow/example_dags/example_trigger_target_dag.py
[2024-06-24T06:51:32.800+0000] {processor.py:840} INFO - DAG(s) 'example_trigger_target_dag' retrieved from /home/airflow/.local/lib/python3.12/site-packages/airflow/example_dags/example_trigger_target_dag.py
[2024-06-24T06:51:33.050+0000] {logging_mixin.py:188} INFO - [2024-06-24T06:51:33.050+0000] {dag.py:3096} INFO - Sync 1 DAGs
[2024-06-24T06:51:33.082+0000] {logging_mixin.py:188} INFO - [2024-06-24T06:51:33.081+0000] {dag.py:3954} INFO - Setting next_dagrun for example_trigger_target_dag to None, run_after=None
[2024-06-24T06:51:33.118+0000] {processor.py:183} INFO - Processing /home/airflow/.local/lib/python3.12/site-packages/airflow/example_dags/example_trigger_target_dag.py took 0.350 seconds
[2024-06-24T06:52:03.579+0000] {processor.py:161} INFO - Started process (PID=596) to work on /home/airflow/.local/lib/python3.12/site-packages/airflow/example_dags/example_trigger_target_dag.py
[2024-06-24T06:52:03.581+0000] {processor.py:830} INFO - Processing file /home/airflow/.local/lib/python3.12/site-packages/airflow/example_dags/example_trigger_target_dag.py for tasks to queue
[2024-06-24T06:52:03.585+0000] {logging_mixin.py:188} INFO - [2024-06-24T06:52:03.584+0000] {dagbag.py:545} INFO - Filling up the DagBag from /home/airflow/.local/lib/python3.12/site-packages/airflow/example_dags/example_trigger_target_dag.py
[2024-06-24T06:52:03.595+0000] {processor.py:840} INFO - DAG(s) 'example_trigger_target_dag' retrieved from /home/airflow/.local/lib/python3.12/site-packages/airflow/example_dags/example_trigger_target_dag.py
[2024-06-24T06:52:03.637+0000] {logging_mixin.py:188} INFO - [2024-06-24T06:52:03.637+0000] {dag.py:3096} INFO - Sync 1 DAGs
[2024-06-24T06:52:03.678+0000] {logging_mixin.py:188} INFO - [2024-06-24T06:52:03.677+0000] {dag.py:3954} INFO - Setting next_dagrun for example_trigger_target_dag to None, run_after=None
[2024-06-24T06:52:03.738+0000] {processor.py:183} INFO - Processing /home/airflow/.local/lib/python3.12/site-packages/airflow/example_dags/example_trigger_target_dag.py took 0.172 seconds
[2024-06-24T06:52:34.134+0000] {processor.py:161} INFO - Started process (PID=858) to work on /home/airflow/.local/lib/python3.12/site-packages/airflow/example_dags/example_trigger_target_dag.py
[2024-06-24T06:52:34.135+0000] {processor.py:830} INFO - Processing file /home/airflow/.local/lib/python3.12/site-packages/airflow/example_dags/example_trigger_target_dag.py for tasks to queue
[2024-06-24T06:52:34.138+0000] {logging_mixin.py:188} INFO - [2024-06-24T06:52:34.137+0000] {dagbag.py:545} INFO - Filling up the DagBag from /home/airflow/.local/lib/python3.12/site-packages/airflow/example_dags/example_trigger_target_dag.py
[2024-06-24T06:52:34.149+0000] {processor.py:840} INFO - DAG(s) 'example_trigger_target_dag' retrieved from /home/airflow/.local/lib/python3.12/site-packages/airflow/example_dags/example_trigger_target_dag.py
[2024-06-24T06:52:34.217+0000] {logging_mixin.py:188} INFO - [2024-06-24T06:52:34.216+0000] {dag.py:3096} INFO - Sync 1 DAGs
[2024-06-24T06:52:34.257+0000] {logging_mixin.py:188} INFO - [2024-06-24T06:52:34.256+0000] {dag.py:3954} INFO - Setting next_dagrun for example_trigger_target_dag to None, run_after=None
[2024-06-24T06:52:34.294+0000] {processor.py:183} INFO - Processing /home/airflow/.local/lib/python3.12/site-packages/airflow/example_dags/example_trigger_target_dag.py took 0.173 seconds
