[2024-06-24T06:51:22.406+0000] {processor.py:161} INFO - Started process (PID=215) to work on /home/airflow/.local/lib/python3.12/site-packages/airflow/example_dags/example_bash_decorator.py
[2024-06-24T06:51:22.407+0000] {processor.py:830} INFO - Processing file /home/airflow/.local/lib/python3.12/site-packages/airflow/example_dags/example_bash_decorator.py for tasks to queue
[2024-06-24T06:51:22.411+0000] {logging_mixin.py:188} INFO - [2024-06-24T06:51:22.410+0000] {dagbag.py:545} INFO - Filling up the DagBag from /home/airflow/.local/lib/python3.12/site-packages/airflow/example_dags/example_bash_decorator.py
[2024-06-24T06:51:22.467+0000] {processor.py:840} INFO - DAG(s) 'example_bash_decorator' retrieved from /home/airflow/.local/lib/python3.12/site-packages/airflow/example_dags/example_bash_decorator.py
[2024-06-24T06:51:22.829+0000] {logging_mixin.py:188} INFO - [2024-06-24T06:51:22.829+0000] {dag.py:3096} INFO - Sync 1 DAGs
[2024-06-24T06:51:22.877+0000] {logging_mixin.py:188} INFO - [2024-06-24T06:51:22.876+0000] {dag.py:3954} INFO - Setting next_dagrun for example_bash_decorator to None, run_after=None
[2024-06-24T06:51:22.945+0000] {processor.py:183} INFO - Processing /home/airflow/.local/lib/python3.12/site-packages/airflow/example_dags/example_bash_decorator.py took 0.553 seconds
[2024-06-24T06:51:53.138+0000] {processor.py:161} INFO - Started process (PID=475) to work on /home/airflow/.local/lib/python3.12/site-packages/airflow/example_dags/example_bash_decorator.py
[2024-06-24T06:51:53.141+0000] {processor.py:830} INFO - Processing file /home/airflow/.local/lib/python3.12/site-packages/airflow/example_dags/example_bash_decorator.py for tasks to queue
[2024-06-24T06:51:53.145+0000] {logging_mixin.py:188} INFO - [2024-06-24T06:51:53.144+0000] {dagbag.py:545} INFO - Filling up the DagBag from /home/airflow/.local/lib/python3.12/site-packages/airflow/example_dags/example_bash_decorator.py
[2024-06-24T06:51:53.176+0000] {processor.py:840} INFO - DAG(s) 'example_bash_decorator' retrieved from /home/airflow/.local/lib/python3.12/site-packages/airflow/example_dags/example_bash_decorator.py
[2024-06-24T06:51:53.448+0000] {logging_mixin.py:188} INFO - [2024-06-24T06:51:53.444+0000] {dag.py:3096} INFO - Sync 1 DAGs
[2024-06-24T06:51:53.535+0000] {logging_mixin.py:188} INFO - [2024-06-24T06:51:53.534+0000] {dag.py:3954} INFO - Setting next_dagrun for example_bash_decorator to None, run_after=None
[2024-06-24T06:51:53.626+0000] {processor.py:183} INFO - Processing /home/airflow/.local/lib/python3.12/site-packages/airflow/example_dags/example_bash_decorator.py took 0.505 seconds
[2024-06-24T06:52:24.643+0000] {processor.py:161} INFO - Started process (PID=738) to work on /home/airflow/.local/lib/python3.12/site-packages/airflow/example_dags/example_bash_decorator.py
[2024-06-24T06:52:24.658+0000] {processor.py:830} INFO - Processing file /home/airflow/.local/lib/python3.12/site-packages/airflow/example_dags/example_bash_decorator.py for tasks to queue
[2024-06-24T06:52:24.664+0000] {logging_mixin.py:188} INFO - [2024-06-24T06:52:24.661+0000] {dagbag.py:545} INFO - Filling up the DagBag from /home/airflow/.local/lib/python3.12/site-packages/airflow/example_dags/example_bash_decorator.py
[2024-06-24T06:52:24.708+0000] {processor.py:840} INFO - DAG(s) 'example_bash_decorator' retrieved from /home/airflow/.local/lib/python3.12/site-packages/airflow/example_dags/example_bash_decorator.py
[2024-06-24T06:52:24.788+0000] {logging_mixin.py:188} INFO - [2024-06-24T06:52:24.787+0000] {dag.py:3096} INFO - Sync 1 DAGs
[2024-06-24T06:52:24.850+0000] {logging_mixin.py:188} INFO - [2024-06-24T06:52:24.849+0000] {dag.py:3954} INFO - Setting next_dagrun for example_bash_decorator to None, run_after=None
[2024-06-24T06:52:24.939+0000] {processor.py:183} INFO - Processing /home/airflow/.local/lib/python3.12/site-packages/airflow/example_dags/example_bash_decorator.py took 0.309 seconds
