[2024-06-24T06:51:21.615+0000] {processor.py:161} INFO - Started process (PID=200) to work on /home/airflow/.local/lib/python3.12/site-packages/airflow/example_dags/example_setup_teardown.py
[2024-06-24T06:51:21.617+0000] {processor.py:830} INFO - Processing file /home/airflow/.local/lib/python3.12/site-packages/airflow/example_dags/example_setup_teardown.py for tasks to queue
[2024-06-24T06:51:21.621+0000] {logging_mixin.py:188} INFO - [2024-06-24T06:51:21.620+0000] {dagbag.py:545} INFO - Filling up the DagBag from /home/airflow/.local/lib/python3.12/site-packages/airflow/example_dags/example_setup_teardown.py
[2024-06-24T06:51:21.660+0000] {processor.py:840} INFO - DAG(s) 'example_setup_teardown' retrieved from /home/airflow/.local/lib/python3.12/site-packages/airflow/example_dags/example_setup_teardown.py
[2024-06-24T06:51:22.085+0000] {logging_mixin.py:188} INFO - [2024-06-24T06:51:22.084+0000] {dag.py:3096} INFO - Sync 1 DAGs
[2024-06-24T06:51:22.192+0000] {logging_mixin.py:188} INFO - [2024-06-24T06:51:22.191+0000] {dag.py:3954} INFO - Setting next_dagrun for example_setup_teardown to 2024-06-23 00:00:00+00:00, run_after=2024-06-24 00:00:00+00:00
[2024-06-24T06:51:22.297+0000] {processor.py:183} INFO - Processing /home/airflow/.local/lib/python3.12/site-packages/airflow/example_dags/example_setup_teardown.py took 0.714 seconds
[2024-06-24T06:51:52.355+0000] {processor.py:161} INFO - Started process (PID=463) to work on /home/airflow/.local/lib/python3.12/site-packages/airflow/example_dags/example_setup_teardown.py
[2024-06-24T06:51:52.357+0000] {processor.py:830} INFO - Processing file /home/airflow/.local/lib/python3.12/site-packages/airflow/example_dags/example_setup_teardown.py for tasks to queue
[2024-06-24T06:51:52.360+0000] {logging_mixin.py:188} INFO - [2024-06-24T06:51:52.360+0000] {dagbag.py:545} INFO - Filling up the DagBag from /home/airflow/.local/lib/python3.12/site-packages/airflow/example_dags/example_setup_teardown.py
[2024-06-24T06:51:52.376+0000] {processor.py:840} INFO - DAG(s) 'example_setup_teardown' retrieved from /home/airflow/.local/lib/python3.12/site-packages/airflow/example_dags/example_setup_teardown.py
[2024-06-24T06:51:52.447+0000] {logging_mixin.py:188} INFO - [2024-06-24T06:51:52.447+0000] {dag.py:3096} INFO - Sync 1 DAGs
[2024-06-24T06:51:52.521+0000] {logging_mixin.py:188} INFO - [2024-06-24T06:51:52.520+0000] {dag.py:3954} INFO - Setting next_dagrun for example_setup_teardown to 2024-06-23 00:00:00+00:00, run_after=2024-06-24 00:00:00+00:00
[2024-06-24T06:51:52.595+0000] {processor.py:183} INFO - Processing /home/airflow/.local/lib/python3.12/site-packages/airflow/example_dags/example_setup_teardown.py took 0.255 seconds
[2024-06-24T06:52:23.279+0000] {processor.py:161} INFO - Started process (PID=725) to work on /home/airflow/.local/lib/python3.12/site-packages/airflow/example_dags/example_setup_teardown.py
[2024-06-24T06:52:23.281+0000] {processor.py:830} INFO - Processing file /home/airflow/.local/lib/python3.12/site-packages/airflow/example_dags/example_setup_teardown.py for tasks to queue
[2024-06-24T06:52:23.289+0000] {logging_mixin.py:188} INFO - [2024-06-24T06:52:23.287+0000] {dagbag.py:545} INFO - Filling up the DagBag from /home/airflow/.local/lib/python3.12/site-packages/airflow/example_dags/example_setup_teardown.py
[2024-06-24T06:52:23.305+0000] {processor.py:840} INFO - DAG(s) 'example_setup_teardown' retrieved from /home/airflow/.local/lib/python3.12/site-packages/airflow/example_dags/example_setup_teardown.py
[2024-06-24T06:52:23.376+0000] {logging_mixin.py:188} INFO - [2024-06-24T06:52:23.376+0000] {dag.py:3096} INFO - Sync 1 DAGs
[2024-06-24T06:52:23.460+0000] {logging_mixin.py:188} INFO - [2024-06-24T06:52:23.459+0000] {dag.py:3954} INFO - Setting next_dagrun for example_setup_teardown to 2024-06-23 00:00:00+00:00, run_after=2024-06-24 00:00:00+00:00
[2024-06-24T06:52:23.517+0000] {processor.py:183} INFO - Processing /home/airflow/.local/lib/python3.12/site-packages/airflow/example_dags/example_setup_teardown.py took 0.254 seconds
