[2024-06-24T06:51:36.114+0000] {processor.py:161} INFO - Started process (PID=380) to work on /home/airflow/.local/lib/python3.12/site-packages/airflow/example_dags/tutorial.py
[2024-06-24T06:51:36.115+0000] {processor.py:830} INFO - Processing file /home/airflow/.local/lib/python3.12/site-packages/airflow/example_dags/tutorial.py for tasks to queue
[2024-06-24T06:51:36.119+0000] {logging_mixin.py:188} INFO - [2024-06-24T06:51:36.118+0000] {dagbag.py:545} INFO - Filling up the DagBag from /home/airflow/.local/lib/python3.12/site-packages/airflow/example_dags/tutorial.py
[2024-06-24T06:51:36.173+0000] {processor.py:840} INFO - DAG(s) 'tutorial' retrieved from /home/airflow/.local/lib/python3.12/site-packages/airflow/example_dags/tutorial.py
[2024-06-24T06:51:36.779+0000] {logging_mixin.py:188} INFO - [2024-06-24T06:51:36.779+0000] {dag.py:3096} INFO - Sync 1 DAGs
[2024-06-24T06:51:36.829+0000] {logging_mixin.py:188} INFO - [2024-06-24T06:51:36.828+0000] {dag.py:3954} INFO - Setting next_dagrun for tutorial to 2024-06-23 00:00:00+00:00, run_after=2024-06-24 00:00:00+00:00
[2024-06-24T06:51:36.888+0000] {processor.py:183} INFO - Processing /home/airflow/.local/lib/python3.12/site-packages/airflow/example_dags/tutorial.py took 0.844 seconds
[2024-06-24T06:52:07.376+0000] {processor.py:161} INFO - Started process (PID=642) to work on /home/airflow/.local/lib/python3.12/site-packages/airflow/example_dags/tutorial.py
[2024-06-24T06:52:07.377+0000] {processor.py:830} INFO - Processing file /home/airflow/.local/lib/python3.12/site-packages/airflow/example_dags/tutorial.py for tasks to queue
[2024-06-24T06:52:07.380+0000] {logging_mixin.py:188} INFO - [2024-06-24T06:52:07.380+0000] {dagbag.py:545} INFO - Filling up the DagBag from /home/airflow/.local/lib/python3.12/site-packages/airflow/example_dags/tutorial.py
[2024-06-24T06:52:07.393+0000] {processor.py:840} INFO - DAG(s) 'tutorial' retrieved from /home/airflow/.local/lib/python3.12/site-packages/airflow/example_dags/tutorial.py
[2024-06-24T06:52:07.461+0000] {logging_mixin.py:188} INFO - [2024-06-24T06:52:07.460+0000] {dag.py:3096} INFO - Sync 1 DAGs
[2024-06-24T06:52:07.509+0000] {logging_mixin.py:188} INFO - [2024-06-24T06:52:07.509+0000] {dag.py:3954} INFO - Setting next_dagrun for tutorial to 2024-06-23 00:00:00+00:00, run_after=2024-06-24 00:00:00+00:00
[2024-06-24T06:52:07.549+0000] {processor.py:183} INFO - Processing /home/airflow/.local/lib/python3.12/site-packages/airflow/example_dags/tutorial.py took 0.186 seconds
[2024-06-24T06:52:37.943+0000] {processor.py:161} INFO - Started process (PID=904) to work on /home/airflow/.local/lib/python3.12/site-packages/airflow/example_dags/tutorial.py
[2024-06-24T06:52:37.949+0000] {processor.py:830} INFO - Processing file /home/airflow/.local/lib/python3.12/site-packages/airflow/example_dags/tutorial.py for tasks to queue
[2024-06-24T06:52:37.953+0000] {logging_mixin.py:188} INFO - [2024-06-24T06:52:37.952+0000] {dagbag.py:545} INFO - Filling up the DagBag from /home/airflow/.local/lib/python3.12/site-packages/airflow/example_dags/tutorial.py
[2024-06-24T06:52:37.983+0000] {processor.py:840} INFO - DAG(s) 'tutorial' retrieved from /home/airflow/.local/lib/python3.12/site-packages/airflow/example_dags/tutorial.py
[2024-06-24T06:52:38.027+0000] {logging_mixin.py:188} INFO - [2024-06-24T06:52:38.026+0000] {dag.py:3096} INFO - Sync 1 DAGs
[2024-06-24T06:52:38.096+0000] {logging_mixin.py:188} INFO - [2024-06-24T06:52:38.096+0000] {dag.py:3954} INFO - Setting next_dagrun for tutorial to 2024-06-23 00:00:00+00:00, run_after=2024-06-24 00:00:00+00:00
[2024-06-24T06:52:38.129+0000] {processor.py:183} INFO - Processing /home/airflow/.local/lib/python3.12/site-packages/airflow/example_dags/tutorial.py took 0.200 seconds
